<?xml version="1.0" encoding="UTF-8"?>
<testsuites name="httpyac" tests="63" errors="30" disabled="0" failures="13" time="1.978">
  <testsuite name="pubFeed" tests="2" errors="0" failures="0" skipped="0" package="tests/rest/01-public.rest" time="0.090">
    <properties>
      <property name="line" value="4"/>
      <property name="timestamp" value="2026-06-17T13:17:04.590Z"/>
      <property name="file" value="tests/rest/01-public.rest"/>
    </properties>
    <testcase name="status == 200" classname="pubFeed" time="0.045" assertions="1"/>
    <testcase name="body contains Zitate" classname="pubFeed" time="0.045" assertions="1"/>
  </testsuite>
  <testsuite name="pubQuoteDetail" tests="2" errors="0" failures="0" skipped="0" package="tests/rest/01-public.rest" time="0.049">
    <properties>
      <property name="line" value="11"/>
      <property name="timestamp" value="2026-06-17T13:17:04.680Z"/>
      <property name="file" value="tests/rest/01-public.rest"/>
    </properties>
    <testcase name="status == 200" classname="pubQuoteDetail" time="0.025" assertions="1"/>
    <testcase name="body contains Cersei Lannister" classname="pubQuoteDetail" time="0.025" assertions="1"/>
  </testsuite>
  <testsuite name="pubQuote404" tests="1" errors="0" failures="0" skipped="0" package="tests/rest/01-public.rest" time="0.051">
    <properties>
      <property name="line" value="18"/>
      <property name="timestamp" value="2026-06-17T13:17:04.729Z"/>
      <property name="file" value="tests/rest/01-public.rest"/>
    </properties>
    <testcase name="status == 404" classname="pubQuote404" time="0.051" assertions="1"/>
  </testsuite>
  <testsuite name="pubProfile" tests="2" errors="0" failures="0" skipped="0" package="tests/rest/01-public.rest" time="0.038">
    <properties>
      <property name="line" value="24"/>
      <property name="timestamp" value="2026-06-17T13:17:04.780Z"/>
      <property name="file" value="tests/rest/01-public.rest"/>
    </properties>
    <testcase name="status == 200" classname="pubProfile" time="0.019" assertions="1"/>
    <testcase name="body contains tyrion_fan" classname="pubProfile" time="0.019" assertions="1"/>
  </testsuite>
  <testsuite name="pubSortTop" tests="2" errors="0" failures="0" skipped="0" package="tests/rest/01-public.rest" time="0.046">
    <properties>
      <property name="line" value="31"/>
      <property name="timestamp" value="2026-06-17T13:17:04.819Z"/>
      <property name="file" value="tests/rest/01-public.rest"/>
    </properties>
    <testcase name="status == 200" classname="pubSortTop" time="0.023" assertions="1"/>
    <testcase name="body contains sort=top" classname="pubSortTop" time="0.023" assertions="1"/>
  </testsuite>
  <testsuite name="pubCommentSort" tests="1" errors="0" failures="0" skipped="0" package="tests/rest/01-public.rest" time="0.065">
    <properties>
      <property name="line" value="38"/>
      <property name="timestamp" value="2026-06-17T13:17:04.865Z"/>
      <property name="file" value="tests/rest/01-public.rest"/>
    </properties>
    <testcase name="status == 200" classname="pubCommentSort" time="0.065" assertions="1"/>
  </testsuite>
  <testsuite name="pubAdminForbidden" tests="1" errors="0" failures="1" skipped="0" package="tests/rest/01-public.rest" time="0.099">
    <properties>
      <property name="line" value="44"/>
      <property name="timestamp" value="2026-06-17T13:17:04.930Z"/>
      <property name="file" value="tests/rest/01-public.rest"/>
    </properties>
    <testcase name="status == 403" classname="pubAdminForbidden" time="0.099" assertions="1">
      <properties>
        <property name="displayMessage" value="AssertionError [ERR_ASSERTION]: status (200) == 403"/>
        <property name="file" value="/home/timerertim/.local/share/mise/installs/npm-httpyac/6.16.7/lib/node_modules/httpyac/dist/index.js"/>
        <property name="line" value="2"/>
        <property name="offset" value="48611"/>
        <property name="errorType" value="AssertionError [ERR_ASSERTION]"/>
        <property name="message" value="status (200) == 403"/>
      </properties>
      <failure message="status == 403" type="AssertionError [ERR_ASSERTION]">{"message":"status (200) == 403","name":"AssertionError","stack":"AssertionError [ERR_ASSERTION]: status (200) == 403\n    at /home/timerertim/.local/share/mise/installs/npm-httpyac/6.16.7/lib/node_modules/httpyac/dist/index.js:2:48611\n    at process.processTicksAndRejections (node:internal/process/task_queues:104:5)\n    at async /home/timerertim/.local/share/mise/installs/npm-httpyac/6.16.7/lib/node_modules/httpyac/dist/index.js:2:21289\n    at async Object.action (/home/timerertim/.local/share/mise/installs/npm-httpyac/6.16.7/lib/node_modules/httpyac/dist/index.js:2:48351)\n    at async o.trigger (/home/timerertim/.local/share/mise/installs/npm-httpyac/6.16.7/lib/node_modules/httpyac/node_modules/hookpoint/dist/index.js:1:2872)\n    at async Sp (/home/timerertim/.local/share/mise/installs/npm-httpyac/6.16.7/lib/node_modules/httpyac/dist/index.js:2:24982)\n    at async Object.action (/home/timerertim/.local/share/mise/installs/npm-httpyac/6.16.7/lib/node_modules/httpyac/dist/index.js:2:23126)\n    at async o.trigger (/home/timerertim/.local/share/mise/installs/npm-httpyac/6.16.7/lib/node_modules/httpyac/node_modules/hookpoint/dist/index.js:1:2872)\n    at async t.execute (/home/timerertim/.local/share/mise/installs/npm-httpyac/6.16.7/lib/node_modules/httpyac/dist/index.js:2:54964)\n    at async Hu (/home/timerertim/.local/share/mise/installs/npm-httpyac/6.16.7/lib/node_modules/httpyac/dist/index.js:119:32372)"}</failure>
    </testcase>
  </testsuite>
  <testsuite name="authLoginForm" tests="2" errors="0" failures="0" skipped="0" package="tests/rest/02-auth.rest" time="0.045">
    <properties>
      <property name="line" value="4"/>
      <property name="timestamp" value="2026-06-17T13:17:05.060Z"/>
      <property name="file" value="tests/rest/02-auth.rest"/>
    </properties>
    <testcase name="status == 200" classname="authLoginForm" time="0.023" assertions="1"/>
    <testcase name="body contains Einloggen" classname="authLoginForm" time="0.023" assertions="1"/>
  </testsuite>
  <testsuite name="authLoginPage" tests="0" errors="0" failures="0" skipped="0" package="tests/rest/02-auth.rest" time="0.046">
    <properties>
      <property name="line" value="11"/>
      <property name="timestamp" value="2026-06-17T13:17:05.105Z"/>
      <property name="file" value="tests/rest/02-auth.rest"/>
    </properties>
  </testsuite>
  <testsuite name="authLoginOk" tests="2" errors="2" failures="0" skipped="0" package="tests/rest/02-auth.rest" time="0.004">
    <properties>
      <property name="line" value="15"/>
      <property name="timestamp" value="2026-06-17T13:17:05.151Z"/>
      <property name="file" value="tests/rest/02-auth.rest"/>
    </properties>
    <testcase name="Cannot read properties of undefined (reading 'match')" classname="authLoginOk" time="0.002" assertions="1">
      <properties>
        <property name="displayMessage" value="TypeError: Cannot read properties of undefined (reading 'match') - Object.userJS (/mnt/c/Users/Timer/Documents/areas/studies/bioinf/courses/web/repo/tests/rest/02-auth.rest:17:39"/>
        <property name="file" value="Object.userJS (/mnt/c/Users/Timer/Documents/areas/studies/bioinf/courses/web/repo/tests/rest/02-auth.rest"/>
        <property name="line" value="17"/>
        <property name="offset" value="39"/>
        <property name="errorType" value="TypeError"/>
        <property name="message" value="Cannot read properties of undefined (reading 'match')"/>
      </properties>
      <failure message="Cannot read properties of undefined (reading 'match')" type="TypeError">{"message":"Cannot read properties of undefined (reading 'match')","name":"TypeError","stack":"TypeError: Cannot read properties of undefined (reading 'match')\n    at Object.userJS (/mnt/c/Users/Timer/Documents/areas/studies/bioinf/courses/web/repo/tests/rest/02-auth.rest:17:39)\n    at cr (/home/timerertim/.local/share/mise/installs/npm-httpyac/6.16.7/lib/node_modules/httpyac/dist/index.js:119:2730)\n    at Fo (/home/timerertim/.local/share/mise/installs/npm-httpyac/6.16.7/lib/node_modules/httpyac/dist/index.js:119:3324)\n    at /home/timerertim/.local/share/mise/installs/npm-httpyac/6.16.7/lib/node_modules/httpyac/dist/index.js:119:6598\n    at K (/home/timerertim/.local/share/mise/installs/npm-httpyac/6.16.7/lib/node_modules/httpyac/dist/index.js:2:37424)\n    at Object.Xd [as action] (/home/timerertim/.local/share/mise/installs/npm-httpyac/6.16.7/lib/node_modules/httpyac/dist/index.js:119:6564)\n    at Nt.trigger (/home/timerertim/.local/share/mise/installs/npm-httpyac/6.16.7/lib/node_modules/httpyac/node_modules/hookpoint/dist/index.js:1:2889)\n    at process.processTicksAndRejections (node:internal/process/task_queues:104:5)\n    at async M (/home/timerertim/.local/share/mise/installs/npm-httpyac/6.16.7/lib/node_modules/httpyac/dist/index.js:2:19943)\n    at async js (/home/timerertim/.local/share/mise/installs/npm-httpyac/6.16.7/lib/node_modules/httpyac/dist/index.js:2:79884)"}</failure>
    </testcase>
    <testcase name="Cannot read properties of undefined (reading 'match')" classname="authLoginOk" time="0.002" assertions="1">
      <properties>
        <property name="displayMessage" value="TypeError: Cannot read properties of undefined (reading 'match') - Object.userJS (/mnt/c/Users/Timer/Documents/areas/studies/bioinf/courses/web/repo/tests/rest/02-auth.rest:17:39"/>
        <property name="file" value="Object.userJS (/mnt/c/Users/Timer/Documents/areas/studies/bioinf/courses/web/repo/tests/rest/02-auth.rest"/>
        <property name="line" value="17"/>
        <property name="offset" value="39"/>
        <property name="errorType" value="TypeError"/>
        <property name="message" value="Cannot read properties of undefined (reading 'match')"/>
      </properties>
      <failure message="Cannot read properties of undefined (reading 'match')" type="TypeError">{"message":"Cannot read properties of undefined (reading 'match')","name":"TypeError","stack":"TypeError: Cannot read properties of undefined (reading 'match')\n    at Object.userJS (/mnt/c/Users/Timer/Documents/areas/studies/bioinf/courses/web/repo/tests/rest/02-auth.rest:17:39)\n    at cr (/home/timerertim/.local/share/mise/installs/npm-httpyac/6.16.7/lib/node_modules/httpyac/dist/index.js:119:2730)\n    at Fo (/home/timerertim/.local/share/mise/installs/npm-httpyac/6.16.7/lib/node_modules/httpyac/dist/index.js:119:3324)\n    at /home/timerertim/.local/share/mise/installs/npm-httpyac/6.16.7/lib/node_modules/httpyac/dist/index.js:119:6598\n    at K (/home/timerertim/.local/share/mise/installs/npm-httpyac/6.16.7/lib/node_modules/httpyac/dist/index.js:2:37424)\n    at Object.Xd [as action] (/home/timerertim/.local/share/mise/installs/npm-httpyac/6.16.7/lib/node_modules/httpyac/dist/index.js:119:6564)\n    at Nt.trigger (/home/timerertim/.local/share/mise/installs/npm-httpyac/6.16.7/lib/node_modules/httpyac/node_modules/hookpoint/dist/index.js:1:2889)\n    at process.processTicksAndRejections (node:internal/process/task_queues:104:5)\n    at async M (/home/timerertim/.local/share/mise/installs/npm-httpyac/6.16.7/lib/node_modules/httpyac/dist/index.js:2:19943)\n    at async js (/home/timerertim/.local/share/mise/installs/npm-httpyac/6.16.7/lib/node_modules/httpyac/dist/index.js:2:79884)"}</failure>
    </testcase>
  </testsuite>
  <testsuite name="authSessionCheck" tests="2" errors="0" failures="1" skipped="0" package="tests/rest/02-auth.rest" time="0.053">
    <properties>
      <property name="line" value="26"/>
      <property name="timestamp" value="2026-06-17T13:17:05.156Z"/>
      <property name="file" value="tests/rest/02-auth.rest"/>
    </properties>
    <testcase name="status == 200" classname="authSessionCheck" time="0.026" assertions="1"/>
    <testcase name="body contains tyrion_fan" classname="authSessionCheck" time="0.026" assertions="1">
      <properties>
        <property name="displayMessage" value="    at /home/timerertim/.local/share/mise/installs/npm-httpyac/6.16.7/lib/node_modules/httpyac/dist/index.js:2: 48611"/>
        <property name="file" value="process.processTicksAndRejections (node:internal/process/task_queues"/>
        <property name="line" value="104"/>
        <property name="offset" value="5"/>
        <property name="errorType" value="    at /home/timerertim/.local/share/mise/installs/npm-httpyac/6.16.7/lib/node_modules/httpyac/dist/index.js:2"/>
        <property name="message" value="48611"/>
      </properties>
      <failure message="body contains tyrion_fan" type="    at /home/timerertim/.local/share/mise/installs/npm-httpyac/6.16.7/lib/node_modules/httpyac/dist/index.js:2">{"message":"body (&lt;!DOCTYPE html&gt;\r\n&lt;html lang=\"de\" class=\"h-full\"&gt;\r\n&lt;head&gt;\r\n    &lt;meta charset=\"UTF-8\"&gt;\r\n    &lt;meta name=\"viewport\" content=\"width=device-width, initial-scale=1.0\"&gt;\r\n    &lt;meta name=\"csrf-token\" content=\"fa98db89a240a2e7f64a9e9b875e592c5350ba422bb71134331c5bc5cc9b3023\"&gt;\r\n    &lt;title&gt;Zitate-Forum · GoT Quotes Forum&lt;/title&gt;\r\n    &lt;link rel=\"preconnect\" href=\"https://fonts.googleapis.com\"&gt;\r\n    &lt;link rel=\"preconnect\" href=\"https://fonts.gstatic.com\" crossorigin&gt;\r\n    &lt;link href=\"https://fonts.googleapis.com/css2?family=Crimson+Pro:ital,wght@0,400;0,600;1,400&amp;family=Inter:wght@400;500;600;700&amp;display=swap\" rel=\"stylesheet\"&gt;\r\n    &lt;script src=\"https://cdn.jsdelivr.net/npm/@tailwindcss/browser@4\"&gt;&lt;/script&gt;\r\n    &lt;style type=\"text/tailwindcss\"&gt;\r\n        @theme {\r\n            --font-sans: \"Inter\", ui-sans-serif, system-ui, sans-serif;\r\n            --font-serif: \"Crimson Pro\", ui-serif, Georgia, serif;\r\n            --color-forum-bg: #0c0a09;\r\n            --color-forum-surface: #1c1917;\r\n            --color-forum-border: #292524;\r\n            --color-forum-gold: #d97706;\r\n            --color-forum-gold-light: #fbbf24;\r\n        }\r\n        body { font-family: var(--font-sans); }\r\n        .quote-serif { font-family: var(--font-serif); }\r\n    &lt;/style&gt;\r\n&lt;/head&gt;\r\n&lt;body class=\"min-h-full bg-stone-950 text-stone-100 antialiased flex flex-col\"&gt;\r\n    &lt;header class=\"border-b border-stone-800 bg-stone-950/90 backdrop-blur-md sticky top-0 z-50\"&gt;\r\n        &lt;div class=\"max-w-5xl mx-auto px-4 sm:px-6 py-4 flex flex-wrap items-center justify-between gap-4\"&gt;\r\n            &lt;a href=\"/\" class=\"group flex items-center gap-3 no-underline\"&gt;\r\n                &lt;span class=\"flex h-10 w-10 items-center justify-center rounded-lg bg-gradient-to-br from-amber-600 to-amber-800 text-lg font-bold text-stone-950 shadow-lg shadow-amber-900/30\"&gt;Q&lt;/span&gt;\r\n                &lt;span class=\"text-lg font-semibold text-stone-100 group-hover:text-amber-400 transition-colors\"&gt;GoT Quotes&lt;/span&gt;\r\n                &lt;span class=\"hidden sm:inline text-xs uppercase tracking-widest text-stone-500 font-medium\"&gt;Forum&lt;/span&gt;\r\n            &lt;/a&gt;\r\n            &lt;nav&gt;\r\n                &lt;ul class=\"flex flex-wrap items-center gap-1 sm:gap-2 text-sm\"&gt;\r\n                    &lt;li&gt;&lt;a href=\"/\" class=\"px-3 py-2 rounded-lg text-stone-300 hover:text-amber-400 hover:bg-stone-800/80 transition-colors\"&gt;Feed&lt;/a&gt;&lt;/li&gt;\r\n                                            &lt;li&gt;&lt;a href=\"/login\" class=\"px-3 py-2 rounded-lg text-stone-300 hover:text-amber-400 hover:bg-stone-800/80 transition-colors\"&gt;Login&lt;/a&gt;&lt;/li&gt;\r\n                        &lt;li&gt;&lt;a href=\"/register\" class=\"px-4 py-2 rounded-lg bg-amber-600 hover:bg-amber-500 text-stone-950 font-medium transition-colors shadow-md shadow-amber-900/40\"&gt;Registrieren&lt;/a&gt;&lt;/li&gt;\r\n                                    &lt;/ul&gt;\r\n            &lt;/nav&gt;\r\n        &lt;/div&gt;\r\n    &lt;/header&gt;\r\n\r\n    &lt;main class=\"flex-1 max-w-5xl w-full mx-auto px-4 sm:px-6 py-8\"&gt;\r\n        \r\n        &lt;div class=\"mb-8 flex flex-col sm:flex-row sm:items-end sm:justify-between gap-4\"&gt;\r\n    &lt;div&gt;\r\n        &lt;h1 class=\"text-3xl font-bold text-stone-100 tracking-tight\"&gt;Zitate-Forum&lt;/h1&gt;\r\n        &lt;p class=\"mt-2 text-stone-400\"&gt;12 Beiträge · Diskutiere die Weisheiten von Westeros&lt;/p&gt;\r\n    &lt;/div&gt;\r\n    &lt;nav class=\"flex flex-wrap gap-1 rounded-xl border border-stone-800 bg-stone-900/50 p-1\" aria-label=\"Sortierung\"&gt;\r\n                    &lt;a href=\"/?sort=new\"\r\n               class=\"px-3 py-1.5 rounded-lg text-sm font-medium transition-colors\r\n                      bg-amber-600 text-stone-950\"&gt;\r\n                Neu            &lt;/a&gt;\r\n                    &lt;a href=\"/?sort=top\"\r\n               class=\"px-3 py-1.5 rounded-lg text-sm font-medium transition-colors\r\n                      text-stone-400 hover:text-stone-200 hover:bg-stone-800\"&gt;\r\n                Top            &lt;/a&gt;\r\n                    &lt;a href=\"/?sort=trending\"\r\n               class=\"px-3 py-1.5 rounded-lg text-sm font-medium transition-colors\r\n                      text-stone-400 hover:text-stone-200 hover:bg-stone-800\"&gt;\r\n                Trending            &lt;/a&gt;\r\n            &lt;/nav&gt;\r\n&lt;/div&gt;\r\n\r\n\r\n    &lt;div class=\"space-y-4\"&gt;\r\n                            &lt;article class=\"group rounded-2xl border border-stone-800 bg-stone-900/40 hover:bg-stone-900/70 hover:border-stone-700 transition-all duration-200 overflow-hidden shadow-lg shadow-black/20\"&gt;\n            &lt;div class=\"flex flex-col sm:flex-row\"&gt;\n                                &lt;div class=\"flex-1 p-5 sm:p-6\"&gt;\n                    &lt;blockquote class=\"quote-serif text-lg sm:text-xl text-stone-200 leading-relaxed italic\"&gt;\n                        „When you play the game of thrones, you win or you die. There is no middle ground.\"\n                    &lt;/blockquote&gt;\n                    &lt;div class=\"mt-4 flex flex-wrap items-center gap-x-3 gap-y-2 text-sm text-stone-500\"&gt;\n                        &lt;span class=\"text-amber-500/90 font-medium\"&gt;- Cersei Lannister&lt;/span&gt;\n                                                    &lt;span&gt;S01E07&lt;/span&gt;\n                                                        &lt;div class=\"flex flex-wrap items-center gap-2\"&gt;\n                        &lt;a href=\"/login\"\n               class=\"inline-flex items-center px-2 py-1 text-xs gap-1 rounded-lg border border-stone-700 text-stone-400 hover:border-amber-700 hover:text-amber-400 transition-colors\"\n               title=\"Einloggen zum Liken\"&gt;\n                &lt;span aria-hidden=\"true\"&gt;♡&lt;/span&gt;\n                &lt;span&gt;2&lt;/span&gt;\n            &lt;/a&gt;\n                        &lt;span class=\"inline-flex items-center gap-1 rounded-full bg-stone-800 px-2.5 py-0.5 text-xs text-stone-400\"&gt;\n                3 Antworten            &lt;/span&gt;\n        &lt;/div&gt;\n                            &lt;/div&gt;\n                    &lt;a href=\"/quotes/1\"\n                       class=\"inline-flex mt-4 items-center gap-1 text-sm font-medium text-amber-500 hover:text-amber-400 transition-colors\"&gt;\n                        Thread öffnen →\n                    &lt;/a&gt;\n                &lt;/div&gt;\n            &lt;/div&gt;\n        &lt;/article&gt;\n                                    &lt;article class=\"group rounded-2xl border border-stone-800 bg-stone-900/40 hover:bg-stone-900/70 hover:border-stone-700 transition-all duration-200 overflow-hidden shadow-lg shadow-black/20\"&gt;\n            &lt;div class=\"flex flex-col sm:flex-row\"&gt;\n                                &lt;div class=\"flex-1 p-5 sm:p-6\"&gt;\n                    &lt;blockquote class=\"quote-serif text-lg sm:text-xl text-stone-200 leading-relaxed italic\"&gt;\n                        „The night is dark and full of terrors.\"\n                    &lt;/blockquote&gt;\n                    &lt;div class=\"mt-4 flex flex-wrap items-center gap-x-3 gap-y-2 text-sm text-stone-500\"&gt;\n                        &lt;span class=\"text-amber-500/90 font-medium\"&gt;- Melisandre&lt;/span&gt;\n                                                    &lt;span&gt;S02E01&lt;/span&gt;\n                                                        &lt;div class=\"flex flex-wrap items-center gap-2\"&gt;\n                        &lt;a href=\"/login\"\n               class=\"inline-flex items-center px-2 py-1 text-xs gap-1 rounded-lg border border-stone-700 text-stone-400 hover:border-amber-700 hover:text-amber-400 transition-colors\"\n               title=\"Einloggen zum Liken\"&gt;\n                &lt;span aria-hidden=\"true\"&gt;♡&lt;/span&gt;\n                &lt;span&gt;0&lt;/span&gt;\n            &lt;/a&gt;\n                        &lt;span class=\"inline-flex items-center gap-1 rounded-full bg-stone-800 px-2.5 py-0.5 text-xs text-stone-400\"&gt;\n                1 Antwort            &lt;/span&gt;\n        &lt;/div&gt;\n                            &lt;/div&gt;\n                    &lt;a href=\"/quotes/2\"\n                       class=\"inline-flex mt-4 items-center gap-1 text-sm font-medium text-amber-500 hover:text-amber-400 transition-colors\"&gt;\n                        Thread öffnen →\n                    &lt;/a&gt;\n                &lt;/div&gt;\n            &lt;/div&gt;\n        &lt;/article&gt;\n                                    &lt;article class=\"group rounded-2xl border border-stone-800 bg-stone-900/40 hover:bg-stone-900/70 hover:border-stone-700 transition-all duration-200 overflow-hidden shadow-lg shadow-black/20\"&gt;\n            &lt;div class=\"flex flex-col sm:flex-row\"&gt;\n                                &lt;div class=\"flex-1 p-5 sm:p-6\"&gt;\n                    &lt;blockquote class=\"quote-serif text-lg sm:text-xl text-stone-200 leading-relaxed italic\"&gt;\n                        „A Lannister always pays his debts.\"\n                    &lt;/blockquote&gt;\n                    &lt;div class=\"mt-4 flex flex-wrap items-center gap-x-3 gap-y-2 text-sm text-stone-500\"&gt;\n                        &lt;span class=\"text-amber-500/90 font-medium\"&gt;- Tyrion Lannister&lt;/span&gt;\n                                                    &lt;span&gt;S01E05&lt;/span&gt;\n                                                        &lt;div class=\"flex flex-wrap items-center gap-2\"&gt;\n                        &lt;a href=\"/login\"\n               class=\"inline-flex items-center px-2 py-1 text-xs gap-1 rounded-lg border border-stone-700 text-stone-400 hover:border-amber-700 hover:text-amber-400 transition-colors\"\n               title=\"Einloggen zum Liken\"&gt;\n                &lt;span aria-hidden=\"true\"&gt;♡&lt;/span&gt;\n                &lt;span&gt;0&lt;/span&gt;\n            &lt;/a&gt;\n                        &lt;span class=\"inline-flex items-center gap-1 rounded-full bg-stone-800 px-2.5 py-0.5 text-xs text-stone-400\"&gt;\n                1 Antwort            &lt;/span&gt;\n        &lt;/div&gt;\n                            &lt;/div&gt;\n                    &lt;a href=\"/quotes/3\"\n                       class=\"inline-flex mt-4 items-center gap-1 text-sm font-medium text-amber-500 hover:text-amber-400 transition-colors\"&gt;\n                        Thread öffnen →\n                    &lt;/a&gt;\n                &lt;/div&gt;\n            &lt;/div&gt;\n        &lt;/article&gt;\n                                    &lt;article class=\"group rounded-2xl border border-stone-800 bg-stone-900/40 hover:bg-stone-900/70 hover:border-stone-700 transition-all duration-200 overflow-hidden shadow-lg shadow-black/20\"&gt;\n            &lt;div class=\"flex flex-col sm:flex-row\"&gt;\n                                &lt;div class=\"flex-1 p-5 sm:p-6\"&gt;\n                    &lt;blockquote class=\"quote-serif text-lg sm:text-xl text-stone-200 leading-relaxed italic\"&gt;\n                        „Winter is coming.\"\n                    &lt;/blockquote&gt;\n                    &lt;div class=\"mt-4 flex flex-wrap items-center gap-x-3 gap-y-2 text-sm text-stone-500\"&gt;\n                        &lt;span class=\"text-amber-500/90 font-medium\"&gt;- Eddard Stark&lt;/span&gt;\n                                                    &lt;span&gt;S01E01&lt;/span&gt;\n                                                        &lt;div class=\"flex flex-wrap items-center gap-2\"&gt;\n                        &lt;a href=\"/login\"\n               class=\"inline-flex items-center px-2 py-1 text-xs gap-1 rounded-lg border border-stone-700 text-stone-400 hover:border-amber-700 hover:text-amber-400 transition-colors\"\n               title=\"Einloggen zum Liken\"&gt;\n                &lt;span aria-hidden=\"true\"&gt;♡&lt;/span&gt;\n                &lt;span&gt;2&lt;/span&gt;\n            &lt;/a&gt;\n                        &lt;span class=\"inline-flex items-center gap-1 rounded-full bg-stone-800 px-2.5 py-0.5 text-xs text-stone-400\"&gt;\n                2 Antworten            &lt;/span&gt;\n        &lt;/div&gt;\n                            &lt;/div&gt;\n                    &lt;a href=\"/quotes/4\"\n                       class=\"inline-flex mt-4 items-center gap-1 text-sm font-medium text-amber-500 hover:text-amber-400 transition-colors\"&gt;\n                        Thread öffnen →\n                    &lt;/a&gt;\n                &lt;/div&gt;\n            &lt;/div&gt;\n        &lt;/article&gt;\n                                    &lt;article class=\"group rounded-2xl border border-stone-800 bg-stone-900/40 hover:bg-stone-900/70 hover:border-stone-700 transition-all duration-200 overflow-hidden shadow-lg shadow-black/20\"&gt;\n            &lt;div class=\"flex flex-col sm:flex-row\"&gt;\n                                &lt;div class=\"flex-1 p-5 sm:p-6\"&gt;\n                    &lt;blockquote class=\"quote-serif text-lg sm:text-xl text-stone-200 leading-relaxed italic\"&gt;\n                        „Hold the door!\"\n                    &lt;/blockquote&gt;\n                    &lt;div class=\"mt-4 flex flex-wrap items-center gap-x-3 gap-y-2 text-sm text-stone-500\"&gt;\n                        &lt;span class=\"text-amber-500/90 font-medium\"&gt;- Hodor&lt;/span&gt;\n                                                    &lt;span&gt;S06E05&lt;/span&gt;\n                                                        &lt;div class=\"flex flex-wrap items-center gap-2\"&gt;\n                        &lt;a href=\"/login\"\n               class=\"inline-flex items-center px-2 py-1 text-xs gap-1 rounded-lg border border-stone-700 text-stone-400 hover:border-amber-700 hover:text-amber-400 transition-colors\"\n               title=\"Einloggen zum Liken\"&gt;\n                &lt;span aria-hidden=\"true\"&gt;♡&lt;/span&gt;\n                &lt;span&gt;1&lt;/span&gt;\n            &lt;/a&gt;\n                        &lt;span class=\"inline-flex items-center gap-1 rounded-full bg-stone-800 px-2.5 py-0.5 text-xs text-stone-400\"&gt;\n                1 Antwort            &lt;/span&gt;\n        &lt;/div&gt;\n                            &lt;/div&gt;\n                    &lt;a href=\"/quotes/5\"\n                       class=\"inline-flex mt-4 items-center gap-1 text-sm font-medium text-amber-500 hover:text-amber-400 transition-colors\"&gt;\n                        Thread öffnen →\n                    &lt;/a&gt;\n                &lt;/div&gt;\n            &lt;/div&gt;\n        &lt;/article&gt;\n                                    &lt;article class=\"group rounded-2xl border border-stone-800 bg-stone-900/40 hover:bg-stone-900/70 hover:border-stone-700 transition-all duration-200 overflow-hidden shadow-lg shadow-black/20\"&gt;\n            &lt;div class=\"flex flex-col sm:flex-row\"&gt;\n                                &lt;div class=\"flex-1 p-5 sm:p-6\"&gt;\n                    &lt;blockquote class=\"quote-serif text-lg sm:text-xl text-stone-200 leading-relaxed italic\"&gt;\n                        „Any man who must say &amp;quot;I am the king&amp;quot; is no true king.\"\n                    &lt;/blockquote&gt;\n                    &lt;div class=\"mt-4 flex flex-wrap items-center gap-x-3 gap-y-2 text-sm text-stone-500\"&gt;\n                        &lt;span class=\"text-amber-500/90 font-medium\"&gt;- Tywin Lannister&lt;/span&gt;\n                                                    &lt;span&gt;S03E10&lt;/span&gt;\n                                                        &lt;div class=\"flex flex-wrap items-center gap-2\"&gt;\n                        &lt;a href=\"/login\"\n               class=\"inline-flex items-center px-2 py-1 text-xs gap-1 rounded-lg border border-stone-700 text-stone-400 hover:border-amber-700 hover:text-amber-400 transition-colors\"\n               title=\"Einloggen zum Liken\"&gt;\n                &lt;span aria-hidden=\"true\"&gt;♡&lt;/span&gt;\n                &lt;span&gt;0&lt;/span&gt;\n            &lt;/a&gt;\n                        &lt;span class=\"inline-flex items-center gap-1 rounded-full bg-stone-800 px-2.5 py-0.5 text-xs text-stone-400\"&gt;\n                0 Antworten            &lt;/span&gt;\n        &lt;/div&gt;\n                            &lt;/div&gt;\n                    &lt;a href=\"/quotes/6\"\n                       class=\"inline-flex mt-4 items-center gap-1 text-sm font-medium text-amber-500 hover:text-amber-400 transition-colors\"&gt;\n                        Thread öffnen →\n                    &lt;/a&gt;\n                &lt;/div&gt;\n            &lt;/div&gt;\n        &lt;/article&gt;\n                                    &lt;article class=\"group rounded-2xl border border-stone-800 bg-stone-900/40 hover:bg-stone-900/70 hover:border-stone-700 transition-all duration-200 overflow-hidden shadow-lg shadow-black/20\"&gt;\n            &lt;div class=\"flex flex-col sm:flex-row\"&gt;\n                                &lt;div class=\"flex-1 p-5 sm:p-6\"&gt;\n                    &lt;blockquote class=\"quote-serif text-lg sm:text-xl text-stone-200 leading-relaxed italic\"&gt;\n                        „Chaos isn&amp;#039;t a pit. Chaos is a ladder.\"\n                    &lt;/blockquote&gt;\n                    &lt;div class=\"mt-4 flex flex-wrap items-center gap-x-3 gap-y-2 text-sm text-stone-500\"&gt;\n                        &lt;span class=\"text-amber-500/90 font-medium\"&gt;- Petyr Baelish&lt;/span&gt;\n                                                    &lt;span&gt;S03E06&lt;/span&gt;\n                                                        &lt;div class=\"flex flex-wrap items-center gap-2\"&gt;\n                        &lt;a href=\"/login\"\n               class=\"inline-flex items-center px-2 py-1 text-xs gap-1 rounded-lg border border-stone-700 text-stone-400 hover:border-amber-700 hover:text-amber-400 transition-colors\"\n               title=\"Einloggen zum Liken\"&gt;\n                &lt;span aria-hidden=\"true\"&gt;♡&lt;/span&gt;\n                &lt;span&gt;2&lt;/span&gt;\n            &lt;/a&gt;\n                        &lt;span class=\"inline-flex items-center gap-1 rounded-full bg-stone-800 px-2.5 py-0.5 text-xs text-stone-400\"&gt;\n                0 Antworten            &lt;/span&gt;\n        &lt;/div&gt;\n                            &lt;/div&gt;\n                    &lt;a href=\"/quotes/7\"\n                       class=\"inline-flex mt-4 items-center gap-1 text-sm font-medium text-amber-500 hover:text-amber-400 transition-colors\"&gt;\n                        Thread öffnen →\n                    &lt;/a&gt;\n                &lt;/div&gt;\n            &lt;/div&gt;\n        &lt;/article&gt;\n                                    &lt;article class=\"group rounded-2xl border border-stone-800 bg-stone-900/40 hover:bg-stone-900/70 hover:border-stone-700 transition-all duration-200 overflow-hidden shadow-lg shadow-black/20\"&gt;\n            &lt;div class=\"flex flex-col sm:flex-row\"&gt;\n                                &lt;div class=\"flex-1 p-5 sm:p-6\"&gt;\n                    &lt;blockquote class=\"quote-serif text-lg sm:text-xl text-stone-200 leading-relaxed italic\"&gt;\n                        „The North remembers.\"\n                    &lt;/blockquote&gt;\n                    &lt;div class=\"mt-4 flex flex-wrap items-center gap-x-3 gap-y-2 text-sm text-stone-500\"&gt;\n                        &lt;span class=\"text-amber-500/90 font-medium\"&gt;- Lyanna Mormont&lt;/span&gt;\n                                                    &lt;span&gt;S07E01&lt;/span&gt;\n                                                        &lt;div class=\"flex flex-wrap items-center gap-2\"&gt;\n                        &lt;a href=\"/login\"\n               class=\"inline-flex items-center px-2 py-1 text-xs gap-1 rounded-lg border border-stone-700 text-stone-400 hover:border-amber-700 hover:text-amber-400 transition-colors\"\n               title=\"Einloggen zum Liken\"&gt;\n                &lt;span aria-hidden=\"true\"&gt;♡&lt;/span&gt;\n                &lt;span&gt;0&lt;/span&gt;\n            &lt;/a&gt;\n                        &lt;span class=\"inline-flex items-center gap-1 rounded-full bg-stone-800 px-2.5 py-0.5 text-xs text-stone-400\"&gt;\n                1 Antwort            &lt;/span&gt;\n        &lt;/div&gt;\n                            &lt;/div&gt;\n                    &lt;a href=\"/quotes/8\"\n                       class=\"inline-flex mt-4 items-center gap-1 text-sm font-medium text-amber-500 hover:text-amber-400 transition-colors\"&gt;\n                        Thread öffnen →\n                    &lt;/a&gt;\n                &lt;/div&gt;\n            &lt;/div&gt;\n        &lt;/article&gt;\n                                    &lt;article class=\"group rounded-2xl border border-stone-800 bg-stone-900/40 hover:bg-stone-900/70 hover:border-stone-700 transition-all duration-200 overflow-hidden shadow-lg shadow-black/20\"&gt;\n            &lt;div class=\"flex flex-col sm:flex-row\"&gt;\n                                &lt;div class=\"flex-1 p-5 sm:p-6\"&gt;\n                    &lt;blockquote class=\"quote-serif text-lg sm:text-xl text-stone-200 leading-relaxed italic\"&gt;\n                        „What do we say to the God of Death? Not today.\"\n                    &lt;/blockquote&gt;\n                    &lt;div class=\"mt-4 flex flex-wrap items-center gap-x-3 gap-y-2 text-sm text-stone-500\"&gt;\n                        &lt;span class=\"text-amber-500/90 font-medium\"&gt;- Syrio Forel&lt;/span&gt;\n                                                    &lt;span&gt;S01E08&lt;/span&gt;\n                                                        &lt;div class=\"flex flex-wrap items-center gap-2\"&gt;\n                        &lt;a href=\"/login\"\n               class=\"inline-flex items-center px-2 py-1 text-xs gap-1 rounded-lg border border-stone-700 text-stone-400 hover:border-amber-700 hover:text-amber-400 transition-colors\"\n               title=\"Einloggen zum Liken\"&gt;\n                &lt;span aria-hidden=\"true\"&gt;♡&lt;/span&gt;\n                &lt;span&gt;1&lt;/span&gt;\n            &lt;/a&gt;\n                        &lt;span class=\"inline-flex items-center gap-1 rounded-full bg-stone-800 px-2.5 py-0.5 text-xs text-stone-400\"&gt;\n                1 Antwort            &lt;/span&gt;\n        &lt;/div&gt;\n                            &lt;/div&gt;\n                    &lt;a href=\"/quotes/9\"\n                       class=\"inline-flex mt-4 items-center gap-1 text-sm font-medium text-amber-500 hover:text-amber-400 transition-colors\"&gt;\n                        Thread öffnen →\n                    &lt;/a&gt;\n                &lt;/div&gt;\n            &lt;/div&gt;\n        &lt;/article&gt;\n                                    &lt;article class=\"group rounded-2xl border border-stone-800 bg-stone-900/40 hover:bg-stone-900/70 hover:border-stone-700 transition-all duration-200 overflow-hidden shadow-lg shadow-black/20\"&gt;\n            &lt;div class=\"flex flex-col sm:flex-row\"&gt;\n                                &lt;div class=\"flex-1 p-5 sm:p-6\"&gt;\n                    &lt;blockquote class=\"quote-serif text-lg sm:text-xl text-stone-200 leading-relaxed italic\"&gt;\n                        „I drink and I know things.\"\n                    &lt;/blockquote&gt;\n                    &lt;div class=\"mt-4 flex flex-wrap items-center gap-x-3 gap-y-2 text-sm text-stone-500\"&gt;\n                        &lt;span class=\"text-amber-500/90 font-medium\"&gt;- Tyrion Lannister&lt;/span&gt;\n                                                    &lt;span&gt;S06E02&lt;/span&gt;\n                                                        &lt;div class=\"flex flex-wrap items-center gap-2\"&gt;\n                        &lt;a href=\"/login\"\n               class=\"inline-flex items-center px-2 py-1 text-xs gap-1 rounded-lg border border-stone-700 text-stone-400 hover:border-amber-700 hover:text-amber-400 transition-colors\"\n               title=\"Einloggen zum Liken\"&gt;\n                &lt;span aria-hidden=\"true\"&gt;♡&lt;/span&gt;\n                &lt;span&gt;2&lt;/span&gt;\n            &lt;/a&gt;\n                        &lt;span class=\"inline-flex items-center gap-1 rounded-full bg-stone-800 px-2.5 py-0.5 text-xs text-stone-400\"&gt;\n                2 Antworten            &lt;/span&gt;\n        &lt;/div&gt;\n                            &lt;/div&gt;\n                    &lt;a href=\"/quotes/10\"\n                       class=\"inline-flex mt-4 items-center gap-1 text-sm font-medium text-amber-500 hover:text-amber-400 transition-colors\"&gt;\n                        Thread öffnen →\n                    &lt;/a&gt;\n                &lt;/div&gt;\n            &lt;/div&gt;\n        &lt;/article&gt;\n                                    &lt;article class=\"group rounded-2xl border border-stone-800 bg-stone-900/40 hover:bg-stone-900/70 hover:border-stone-700 transition-all duration-200 overflow-hidden shadow-lg shadow-black/20\"&gt;\n            &lt;div class=\"flex flex-col sm:flex-row\"&gt;\n                                &lt;div class=\"flex-1 p-5 sm:p-6\"&gt;\n                    &lt;blockquote class=\"quote-serif text-lg sm:text-xl text-stone-200 leading-relaxed italic\"&gt;\n                        „Never forget what you are. The rest of the world will not. Wear it like armor, and it can never be used to hurt you.\"\n                    &lt;/blockquote&gt;\n                    &lt;div class=\"mt-4 flex flex-wrap items-center gap-x-3 gap-y-2 text-sm text-stone-500\"&gt;\n                        &lt;span class=\"text-amber-500/90 font-medium\"&gt;- Tyrion Lannister&lt;/span&gt;\n                                                    &lt;span&gt;S01E01&lt;/span&gt;\n                                                        &lt;div class=\"flex flex-wrap items-center gap-2\"&gt;\n                        &lt;a href=\"/login\"\n               class=\"inline-flex items-center px-2 py-1 text-xs gap-1 rounded-lg border border-stone-700 text-stone-400 hover:border-amber-700 hover:text-amber-400 transition-colors\"\n               title=\"Einloggen zum Liken\"&gt;\n                &lt;span aria-hidden=\"true\"&gt;♡&lt;/span&gt;\n                &lt;span&gt;0&lt;/span&gt;\n            &lt;/a&gt;\n                        &lt;span class=\"inline-flex items-center gap-1 rounded-full bg-stone-800 px-2.5 py-0.5 text-xs text-stone-400\"&gt;\n                1 Antwort            &lt;/span&gt;\n        &lt;/div&gt;\n                            &lt;/div&gt;\n                    &lt;a href=\"/quotes/11\"\n                       class=\"inline-flex mt-4 items-center gap-1 text-sm font-medium text-amber-500 hover:text-amber-400 transition-colors\"&gt;\n                        Thread öffnen →\n                    &lt;/a&gt;\n                &lt;/div&gt;\n            &lt;/div&gt;\n        &lt;/article&gt;\n                                    &lt;article class=\"group rounded-2xl border border-stone-800 bg-stone-900/40 hover:bg-stone-900/70 hover:border-stone-700 transition-all duration-200 overflow-hidden shadow-lg shadow-black/20\"&gt;\n            &lt;div class=\"flex flex-col sm:flex-row\"&gt;\n                                &lt;div class=\"flex-1 p-5 sm:p-6\"&gt;\n                    &lt;blockquote class=\"quote-serif text-lg sm:text-xl text-stone-200 leading-relaxed italic\"&gt;\n                        „Power is power.\"\n                    &lt;/blockquote&gt;\n                    &lt;div class=\"mt-4 flex flex-wrap items-center gap-x-3 gap-y-2 text-sm text-stone-500\"&gt;\n                        &lt;span class=\"text-amber-500/90 font-medium\"&gt;- Cersei Lannister&lt;/span&gt;\n                                                    &lt;span&gt;S02E03&lt;/span&gt;\n                                                        &lt;div class=\"flex flex-wrap items-center gap-2\"&gt;\n                        &lt;a href=\"/login\"\n               class=\"inline-flex items-center px-2 py-1 text-xs gap-1 rounded-lg border border-stone-700 text-stone-400 hover:border-amber-700 hover:text-amber-400 transition-colors\"\n               title=\"Einloggen zum Liken\"&gt;\n                &lt;span aria-hidden=\"true\"&gt;♡&lt;/span&gt;\n                &lt;span&gt;1&lt;/span&gt;\n            &lt;/a&gt;\n                        &lt;span class=\"inline-flex items-center gap-1 rounded-full bg-stone-800 px-2.5 py-0.5 text-xs text-stone-400\"&gt;\n                1 Antwort            &lt;/span&gt;\n        &lt;/div&gt;\n                            &lt;/div&gt;\n                    &lt;a href=\"/quotes/12\"\n                       class=\"inline-flex mt-4 items-center gap-1 text-sm font-medium text-amber-500 hover:text-amber-400 transition-colors\"&gt;\n                        Thread öffnen →\n                    &lt;/a&gt;\n                &lt;/div&gt;\n            &lt;/div&gt;\n        &lt;/article&gt;\n                    &lt;/div&gt;\r\n\r\n        &lt;/main&gt;\r\n\r\n    &lt;footer class=\"border-t border-stone-800 py-6 mt-auto\"&gt;\r\n        &lt;div class=\"max-w-5xl mx-auto px-4 sm:px-6 text-center text-sm text-stone-500\"&gt;\r\n            WEB4 PHP · Game of Thrones Quotes Forum · &lt;em class=\"text-stone-600\"&gt;Words are wind - but some linger forever.&lt;/em&gt;\r\n        &lt;/div&gt;\r\n    &lt;/footer&gt;\r\n    &lt;script src=\"/assets/js/app.js\" defer&gt;&lt;/script&gt;\r\n&lt;/body&gt;\r\n&lt;/html&gt;\r\n) contains tyrion_fan","name":"AssertionError","stack":"AssertionError [ERR_ASSERTION]: body (&lt;!DOCTYPE html&gt;\r\n&lt;html lang=\"de\" class=\"h-full\"&gt;\r\n&lt;head&gt;\r\n    &lt;meta charset=\"UTF-8\"&gt;\r\n    &lt;meta name=\"viewport\" content=\"width=device-width, initial-scale=1.0\"&gt;\r\n    &lt;meta name=\"csrf-token\" content=\"fa98db89a240a2e7f64a9e9b875e592c5350ba422bb71134331c5bc5cc9b3023\"&gt;\r\n    &lt;title&gt;Zitate-Forum · GoT Quotes Forum&lt;/title&gt;\r\n    &lt;link rel=\"preconnect\" href=\"https://fonts.googleapis.com\"&gt;\r\n    &lt;link rel=\"preconnect\" href=\"https://fonts.gstatic.com\" crossorigin&gt;\r\n    &lt;link href=\"https://fonts.googleapis.com/css2?family=Crimson+Pro:ital,wght@0,400;0,600;1,400&amp;family=Inter:wght@400;500;600;700&amp;display=swap\" rel=\"stylesheet\"&gt;\r\n    &lt;script src=\"https://cdn.jsdelivr.net/npm/@tailwindcss/browser@4\"&gt;&lt;/script&gt;\r\n    &lt;style type=\"text/tailwindcss\"&gt;\r\n        @theme {\r\n            --font-sans: \"Inter\", ui-sans-serif, system-ui, sans-serif;\r\n            --font-serif: \"Crimson Pro\", ui-serif, Georgia, serif;\r\n            --color-forum-bg: #0c0a09;\r\n            --color-forum-surface: #1c1917;\r\n            --color-forum-border: #292524;\r\n            --color-forum-gold: #d97706;\r\n            --color-forum-gold-light: #fbbf24;\r\n        }\r\n        body { font-family: var(--font-sans); }\r\n        .quote-serif { font-family: var(--font-serif); }\r\n    &lt;/style&gt;\r\n&lt;/head&gt;\r\n&lt;body class=\"min-h-full bg-stone-950 text-stone-100 antialiased flex flex-col\"&gt;\r\n    &lt;header class=\"border-b border-stone-800 bg-stone-950/90 backdrop-blur-md sticky top-0 z-50\"&gt;\r\n        &lt;div class=\"max-w-5xl mx-auto px-4 sm:px-6 py-4 flex flex-wrap items-center justify-between gap-4\"&gt;\r\n            &lt;a href=\"/\" class=\"group flex items-center gap-3 no-underline\"&gt;\r\n                &lt;span class=\"flex h-10 w-10 items-center justify-center rounded-lg bg-gradient-to-br from-amber-600 to-amber-800 text-lg font-bold text-stone-950 shadow-lg shadow-amber-900/30\"&gt;Q&lt;/span&gt;\r\n                &lt;span class=\"text-lg font-semibold text-stone-100 group-hover:text-amber-400 transition-colors\"&gt;GoT Quotes&lt;/span&gt;\r\n                &lt;span class=\"hidden sm:inline text-xs uppercase tracking-widest text-stone-500 font-medium\"&gt;Forum&lt;/span&gt;\r\n            &lt;/a&gt;\r\n            &lt;nav&gt;\r\n                &lt;ul class=\"flex flex-wrap items-center gap-1 sm:gap-2 text-sm\"&gt;\r\n                    &lt;li&gt;&lt;a href=\"/\" class=\"px-3 py-2 rounded-lg text-stone-300 hover:text-amber-400 hover:bg-stone-800/80 transition-colors\"&gt;Feed&lt;/a&gt;&lt;/li&gt;\r\n                                            &lt;li&gt;&lt;a href=\"/login\" class=\"px-3 py-2 rounded-lg text-stone-300 hover:text-amber-400 hover:bg-stone-800/80 transition-colors\"&gt;Login&lt;/a&gt;&lt;/li&gt;\r\n                        &lt;li&gt;&lt;a href=\"/register\" class=\"px-4 py-2 rounded-lg bg-amber-600 hover:bg-amber-500 text-stone-950 font-medium transition-colors shadow-md shadow-amber-900/40\"&gt;Registrieren&lt;/a&gt;&lt;/li&gt;\r\n                                    &lt;/ul&gt;\r\n            &lt;/nav&gt;\r\n        &lt;/div&gt;\r\n    &lt;/header&gt;\r\n\r\n    &lt;main class=\"flex-1 max-w-5xl w-full mx-auto px-4 sm:px-6 py-8\"&gt;\r\n        \r\n        &lt;div class=\"mb-8 flex flex-col sm:flex-row sm:items-end sm:justify-between gap-4\"&gt;\r\n    &lt;div&gt;\r\n        &lt;h1 class=\"text-3xl font-bold text-stone-100 tracking-tight\"&gt;Zitate-Forum&lt;/h1&gt;\r\n        &lt;p class=\"mt-2 text-stone-400\"&gt;12 Beiträge · Diskutiere die Weisheiten von Westeros&lt;/p&gt;\r\n    &lt;/div&gt;\r\n    &lt;nav class=\"flex flex-wrap gap-1 rounded-xl border border-stone-800 bg-stone-900/50 p-1\" aria-label=\"Sortierung\"&gt;\r\n                    &lt;a href=\"/?sort=new\"\r\n               class=\"px-3 py-1.5 rounded-lg text-sm font-medium transition-colors\r\n                      bg-amber-600 text-stone-950\"&gt;\r\n                Neu            &lt;/a&gt;\r\n                    &lt;a href=\"/?sort=top\"\r\n               class=\"px-3 py-1.5 rounded-lg text-sm font-medium transition-colors\r\n                      text-stone-400 hover:text-stone-200 hover:bg-stone-800\"&gt;\r\n                Top            &lt;/a&gt;\r\n                    &lt;a href=\"/?sort=trending\"\r\n               class=\"px-3 py-1.5 rounded-lg text-sm font-medium transition-colors\r\n                      text-stone-400 hover:text-stone-200 hover:bg-stone-800\"&gt;\r\n                Trending            &lt;/a&gt;\r\n            &lt;/nav&gt;\r\n&lt;/div&gt;\r\n\r\n\r\n    &lt;div class=\"space-y-4\"&gt;\r\n                            &lt;article class=\"group rounded-2xl border border-stone-800 bg-stone-900/40 hover:bg-stone-900/70 hover:border-stone-700 transition-all duration-200 overflow-hidden shadow-lg shadow-black/20\"&gt;\n            &lt;div class=\"flex flex-col sm:flex-row\"&gt;\n                                &lt;div class=\"flex-1 p-5 sm:p-6\"&gt;\n                    &lt;blockquote class=\"quote-serif text-lg sm:text-xl text-stone-200 leading-relaxed italic\"&gt;\n                        „When you play the game of thrones, you win or you die. There is no middle ground.\"\n                    &lt;/blockquote&gt;\n                    &lt;div class=\"mt-4 flex flex-wrap items-center gap-x-3 gap-y-2 text-sm text-stone-500\"&gt;\n                        &lt;span class=\"text-amber-500/90 font-medium\"&gt;- Cersei Lannister&lt;/span&gt;\n                                                    &lt;span&gt;S01E07&lt;/span&gt;\n                                                        &lt;div class=\"flex flex-wrap items-center gap-2\"&gt;\n                        &lt;a href=\"/login\"\n               class=\"inline-flex items-center px-2 py-1 text-xs gap-1 rounded-lg border border-stone-700 text-stone-400 hover:border-amber-700 hover:text-amber-400 transition-colors\"\n               title=\"Einloggen zum Liken\"&gt;\n                &lt;span aria-hidden=\"true\"&gt;♡&lt;/span&gt;\n                &lt;span&gt;2&lt;/span&gt;\n            &lt;/a&gt;\n                        &lt;span class=\"inline-flex items-center gap-1 rounded-full bg-stone-800 px-2.5 py-0.5 text-xs text-stone-400\"&gt;\n                3 Antworten            &lt;/span&gt;\n        &lt;/div&gt;\n                            &lt;/div&gt;\n                    &lt;a href=\"/quotes/1\"\n                       class=\"inline-flex mt-4 items-center gap-1 text-sm font-medium text-amber-500 hover:text-amber-400 transition-colors\"&gt;\n                        Thread öffnen →\n                    &lt;/a&gt;\n                &lt;/div&gt;\n            &lt;/div&gt;\n        &lt;/article&gt;\n                                    &lt;article class=\"group rounded-2xl border border-stone-800 bg-stone-900/40 hover:bg-stone-900/70 hover:border-stone-700 transition-all duration-200 overflow-hidden shadow-lg shadow-black/20\"&gt;\n            &lt;div class=\"flex flex-col sm:flex-row\"&gt;\n                                &lt;div class=\"flex-1 p-5 sm:p-6\"&gt;\n                    &lt;blockquote class=\"quote-serif text-lg sm:text-xl text-stone-200 leading-relaxed italic\"&gt;\n                        „The night is dark and full of terrors.\"\n                    &lt;/blockquote&gt;\n                    &lt;div class=\"mt-4 flex flex-wrap items-center gap-x-3 gap-y-2 text-sm text-stone-500\"&gt;\n                        &lt;span class=\"text-amber-500/90 font-medium\"&gt;- Melisandre&lt;/span&gt;\n                                                    &lt;span&gt;S02E01&lt;/span&gt;\n                                                        &lt;div class=\"flex flex-wrap items-center gap-2\"&gt;\n                        &lt;a href=\"/login\"\n               class=\"inline-flex items-center px-2 py-1 text-xs gap-1 rounded-lg border border-stone-700 text-stone-400 hover:border-amber-700 hover:text-amber-400 transition-colors\"\n               title=\"Einloggen zum Liken\"&gt;\n                &lt;span aria-hidden=\"true\"&gt;♡&lt;/span&gt;\n                &lt;span&gt;0&lt;/span&gt;\n            &lt;/a&gt;\n                        &lt;span class=\"inline-flex items-center gap-1 rounded-full bg-stone-800 px-2.5 py-0.5 text-xs text-stone-400\"&gt;\n                1 Antwort            &lt;/span&gt;\n        &lt;/div&gt;\n                            &lt;/div&gt;\n                    &lt;a href=\"/quotes/2\"\n                       class=\"inline-flex mt-4 items-center gap-1 text-sm font-medium text-amber-500 hover:text-amber-400 transition-colors\"&gt;\n                        Thread öffnen →\n                    &lt;/a&gt;\n                &lt;/div&gt;\n            &lt;/div&gt;\n        &lt;/article&gt;\n                                    &lt;article class=\"group rounded-2xl border border-stone-800 bg-stone-900/40 hover:bg-stone-900/70 hover:border-stone-700 transition-all duration-200 overflow-hidden shadow-lg shadow-black/20\"&gt;\n            &lt;div class=\"flex flex-col sm:flex-row\"&gt;\n                                &lt;div class=\"flex-1 p-5 sm:p-6\"&gt;\n                    &lt;blockquote class=\"quote-serif text-lg sm:text-xl text-stone-200 leading-relaxed italic\"&gt;\n                        „A Lannister always pays his debts.\"\n                    &lt;/blockquote&gt;\n                    &lt;div class=\"mt-4 flex flex-wrap items-center gap-x-3 gap-y-2 text-sm text-stone-500\"&gt;\n                        &lt;span class=\"text-amber-500/90 font-medium\"&gt;- Tyrion Lannister&lt;/span&gt;\n                                                    &lt;span&gt;S01E05&lt;/span&gt;\n                                                        &lt;div class=\"flex flex-wrap items-center gap-2\"&gt;\n                        &lt;a href=\"/login\"\n               class=\"inline-flex items-center px-2 py-1 text-xs gap-1 rounded-lg border border-stone-700 text-stone-400 hover:border-amber-700 hover:text-amber-400 transition-colors\"\n               title=\"Einloggen zum Liken\"&gt;\n                &lt;span aria-hidden=\"true\"&gt;♡&lt;/span&gt;\n                &lt;span&gt;0&lt;/span&gt;\n            &lt;/a&gt;\n                        &lt;span class=\"inline-flex items-center gap-1 rounded-full bg-stone-800 px-2.5 py-0.5 text-xs text-stone-400\"&gt;\n                1 Antwort            &lt;/span&gt;\n        &lt;/div&gt;\n                            &lt;/div&gt;\n                    &lt;a href=\"/quotes/3\"\n                       class=\"inline-flex mt-4 items-center gap-1 text-sm font-medium text-amber-500 hover:text-amber-400 transition-colors\"&gt;\n                        Thread öffnen →\n                    &lt;/a&gt;\n                &lt;/div&gt;\n            &lt;/div&gt;\n        &lt;/article&gt;\n                                    &lt;article class=\"group rounded-2xl border border-stone-800 bg-stone-900/40 hover:bg-stone-900/70 hover:border-stone-700 transition-all duration-200 overflow-hidden shadow-lg shadow-black/20\"&gt;\n            &lt;div class=\"flex flex-col sm:flex-row\"&gt;\n                                &lt;div class=\"flex-1 p-5 sm:p-6\"&gt;\n                    &lt;blockquote class=\"quote-serif text-lg sm:text-xl text-stone-200 leading-relaxed italic\"&gt;\n                        „Winter is coming.\"\n                    &lt;/blockquote&gt;\n                    &lt;div class=\"mt-4 flex flex-wrap items-center gap-x-3 gap-y-2 text-sm text-stone-500\"&gt;\n                        &lt;span class=\"text-amber-500/90 font-medium\"&gt;- Eddard Stark&lt;/span&gt;\n                                                    &lt;span&gt;S01E01&lt;/span&gt;\n                                                        &lt;div class=\"flex flex-wrap items-center gap-2\"&gt;\n                        &lt;a href=\"/login\"\n               class=\"inline-flex items-center px-2 py-1 text-xs gap-1 rounded-lg border border-stone-700 text-stone-400 hover:border-amber-700 hover:text-amber-400 transition-colors\"\n               title=\"Einloggen zum Liken\"&gt;\n                &lt;span aria-hidden=\"true\"&gt;♡&lt;/span&gt;\n                &lt;span&gt;2&lt;/span&gt;\n            &lt;/a&gt;\n                        &lt;span class=\"inline-flex items-center gap-1 rounded-full bg-stone-800 px-2.5 py-0.5 text-xs text-stone-400\"&gt;\n                2 Antworten            &lt;/span&gt;\n        &lt;/div&gt;\n                            &lt;/div&gt;\n                    &lt;a href=\"/quotes/4\"\n                       class=\"inline-flex mt-4 items-center gap-1 text-sm font-medium text-amber-500 hover:text-amber-400 transition-colors\"&gt;\n                        Thread öffnen →\n                    &lt;/a&gt;\n                &lt;/div&gt;\n            &lt;/div&gt;\n        &lt;/article&gt;\n                                    &lt;article class=\"group rounded-2xl border border-stone-800 bg-stone-900/40 hover:bg-stone-900/70 hover:border-stone-700 transition-all duration-200 overflow-hidden shadow-lg shadow-black/20\"&gt;\n            &lt;div class=\"flex flex-col sm:flex-row\"&gt;\n                                &lt;div class=\"flex-1 p-5 sm:p-6\"&gt;\n                    &lt;blockquote class=\"quote-serif text-lg sm:text-xl text-stone-200 leading-relaxed italic\"&gt;\n                        „Hold the door!\"\n                    &lt;/blockquote&gt;\n                    &lt;div class=\"mt-4 flex flex-wrap items-center gap-x-3 gap-y-2 text-sm text-stone-500\"&gt;\n                        &lt;span class=\"text-amber-500/90 font-medium\"&gt;- Hodor&lt;/span&gt;\n                                                    &lt;span&gt;S06E05&lt;/span&gt;\n                                                        &lt;div class=\"flex flex-wrap items-center gap-2\"&gt;\n                        &lt;a href=\"/login\"\n               class=\"inline-flex items-center px-2 py-1 text-xs gap-1 rounded-lg border border-stone-700 text-stone-400 hover:border-amber-700 hover:text-amber-400 transition-colors\"\n               title=\"Einloggen zum Liken\"&gt;\n                &lt;span aria-hidden=\"true\"&gt;♡&lt;/span&gt;\n                &lt;span&gt;1&lt;/span&gt;\n            &lt;/a&gt;\n                        &lt;span class=\"inline-flex items-center gap-1 rounded-full bg-stone-800 px-2.5 py-0.5 text-xs text-stone-400\"&gt;\n                1 Antwort            &lt;/span&gt;\n        &lt;/div&gt;\n                            &lt;/div&gt;\n                    &lt;a href=\"/quotes/5\"\n                       class=\"inline-flex mt-4 items-center gap-1 text-sm font-medium text-amber-500 hover:text-amber-400 transition-colors\"&gt;\n                        Thread öffnen →\n                    &lt;/a&gt;\n                &lt;/div&gt;\n            &lt;/div&gt;\n        &lt;/article&gt;\n                                    &lt;article class=\"group rounded-2xl border border-stone-800 bg-stone-900/40 hover:bg-stone-900/70 hover:border-stone-700 transition-all duration-200 overflow-hidden shadow-lg shadow-black/20\"&gt;\n            &lt;div class=\"flex flex-col sm:flex-row\"&gt;\n                                &lt;div class=\"flex-1 p-5 sm:p-6\"&gt;\n                    &lt;blockquote class=\"quote-serif text-lg sm:text-xl text-stone-200 leading-relaxed italic\"&gt;\n                        „Any man who must say &amp;quot;I am the king&amp;quot; is no true king.\"\n                    &lt;/blockquote&gt;\n                    &lt;div class=\"mt-4 flex flex-wrap items-center gap-x-3 gap-y-2 text-sm text-stone-500\"&gt;\n                        &lt;span class=\"text-amber-500/90 font-medium\"&gt;- Tywin Lannister&lt;/span&gt;\n                                                    &lt;span&gt;S03E10&lt;/span&gt;\n                                                        &lt;div class=\"flex flex-wrap items-center gap-2\"&gt;\n                        &lt;a href=\"/login\"\n               class=\"inline-flex items-center px-2 py-1 text-xs gap-1 rounded-lg border border-stone-700 text-stone-400 hover:border-amber-700 hover:text-amber-400 transition-colors\"\n               title=\"Einloggen zum Liken\"&gt;\n                &lt;span aria-hidden=\"true\"&gt;♡&lt;/span&gt;\n                &lt;span&gt;0&lt;/span&gt;\n            &lt;/a&gt;\n                        &lt;span class=\"inline-flex items-center gap-1 rounded-full bg-stone-800 px-2.5 py-0.5 text-xs text-stone-400\"&gt;\n                0 Antworten            &lt;/span&gt;\n        &lt;/div&gt;\n                            &lt;/div&gt;\n                    &lt;a href=\"/quotes/6\"\n                       class=\"inline-flex mt-4 items-center gap-1 text-sm font-medium text-amber-500 hover:text-amber-400 transition-colors\"&gt;\n                        Thread öffnen →\n                    &lt;/a&gt;\n                &lt;/div&gt;\n            &lt;/div&gt;\n        &lt;/article&gt;\n                                    &lt;article class=\"group rounded-2xl border border-stone-800 bg-stone-900/40 hover:bg-stone-900/70 hover:border-stone-700 transition-all duration-200 overflow-hidden shadow-lg shadow-black/20\"&gt;\n            &lt;div class=\"flex flex-col sm:flex-row\"&gt;\n                                &lt;div class=\"flex-1 p-5 sm:p-6\"&gt;\n                    &lt;blockquote class=\"quote-serif text-lg sm:text-xl text-stone-200 leading-relaxed italic\"&gt;\n                        „Chaos isn&amp;#039;t a pit. Chaos is a ladder.\"\n                    &lt;/blockquote&gt;\n                    &lt;div class=\"mt-4 flex flex-wrap items-center gap-x-3 gap-y-2 text-sm text-stone-500\"&gt;\n                        &lt;span class=\"text-amber-500/90 font-medium\"&gt;- Petyr Baelish&lt;/span&gt;\n                                                    &lt;span&gt;S03E06&lt;/span&gt;\n                                                        &lt;div class=\"flex flex-wrap items-center gap-2\"&gt;\n                        &lt;a href=\"/login\"\n               class=\"inline-flex items-center px-2 py-1 text-xs gap-1 rounded-lg border border-stone-700 text-stone-400 hover:border-amber-700 hover:text-amber-400 transition-colors\"\n               title=\"Einloggen zum Liken\"&gt;\n                &lt;span aria-hidden=\"true\"&gt;♡&lt;/span&gt;\n                &lt;span&gt;2&lt;/span&gt;\n            &lt;/a&gt;\n                        &lt;span class=\"inline-flex items-center gap-1 rounded-full bg-stone-800 px-2.5 py-0.5 text-xs text-stone-400\"&gt;\n                0 Antworten            &lt;/span&gt;\n        &lt;/div&gt;\n                            &lt;/div&gt;\n                    &lt;a href=\"/quotes/7\"\n                       class=\"inline-flex mt-4 items-center gap-1 text-sm font-medium text-amber-500 hover:text-amber-400 transition-colors\"&gt;\n                        Thread öffnen →\n                    &lt;/a&gt;\n                &lt;/div&gt;\n            &lt;/div&gt;\n        &lt;/article&gt;\n                                    &lt;article class=\"group rounded-2xl border border-stone-800 bg-stone-900/40 hover:bg-stone-900/70 hover:border-stone-700 transition-all duration-200 overflow-hidden shadow-lg shadow-black/20\"&gt;\n            &lt;div class=\"flex flex-col sm:flex-row\"&gt;\n                                &lt;div class=\"flex-1 p-5 sm:p-6\"&gt;\n                    &lt;blockquote class=\"quote-serif text-lg sm:text-xl text-stone-200 leading-relaxed italic\"&gt;\n                        „The North remembers.\"\n                    &lt;/blockquote&gt;\n                    &lt;div class=\"mt-4 flex flex-wrap items-center gap-x-3 gap-y-2 text-sm text-stone-500\"&gt;\n                        &lt;span class=\"text-amber-500/90 font-medium\"&gt;- Lyanna Mormont&lt;/span&gt;\n                                                    &lt;span&gt;S07E01&lt;/span&gt;\n                                                        &lt;div class=\"flex flex-wrap items-center gap-2\"&gt;\n                        &lt;a href=\"/login\"\n               class=\"inline-flex items-center px-2 py-1 text-xs gap-1 rounded-lg border border-stone-700 text-stone-400 hover:border-amber-700 hover:text-amber-400 transition-colors\"\n               title=\"Einloggen zum Liken\"&gt;\n                &lt;span aria-hidden=\"true\"&gt;♡&lt;/span&gt;\n                &lt;span&gt;0&lt;/span&gt;\n            &lt;/a&gt;\n                        &lt;span class=\"inline-flex items-center gap-1 rounded-full bg-stone-800 px-2.5 py-0.5 text-xs text-stone-400\"&gt;\n                1 Antwort            &lt;/span&gt;\n        &lt;/div&gt;\n                            &lt;/div&gt;\n                    &lt;a href=\"/quotes/8\"\n                       class=\"inline-flex mt-4 items-center gap-1 text-sm font-medium text-amber-500 hover:text-amber-400 transition-colors\"&gt;\n                        Thread öffnen →\n                    &lt;/a&gt;\n                &lt;/div&gt;\n            &lt;/div&gt;\n        &lt;/article&gt;\n                                    &lt;article class=\"group rounded-2xl border border-stone-800 bg-stone-900/40 hover:bg-stone-900/70 hover:border-stone-700 transition-all duration-200 overflow-hidden shadow-lg shadow-black/20\"&gt;\n            &lt;div class=\"flex flex-col sm:flex-row\"&gt;\n                                &lt;div class=\"flex-1 p-5 sm:p-6\"&gt;\n                    &lt;blockquote class=\"quote-serif text-lg sm:text-xl text-stone-200 leading-relaxed italic\"&gt;\n                        „What do we say to the God of Death? Not today.\"\n                    &lt;/blockquote&gt;\n                    &lt;div class=\"mt-4 flex flex-wrap items-center gap-x-3 gap-y-2 text-sm text-stone-500\"&gt;\n                        &lt;span class=\"text-amber-500/90 font-medium\"&gt;- Syrio Forel&lt;/span&gt;\n                                                    &lt;span&gt;S01E08&lt;/span&gt;\n                                                        &lt;div class=\"flex flex-wrap items-center gap-2\"&gt;\n                        &lt;a href=\"/login\"\n               class=\"inline-flex items-center px-2 py-1 text-xs gap-1 rounded-lg border border-stone-700 text-stone-400 hover:border-amber-700 hover:text-amber-400 transition-colors\"\n               title=\"Einloggen zum Liken\"&gt;\n                &lt;span aria-hidden=\"true\"&gt;♡&lt;/span&gt;\n                &lt;span&gt;1&lt;/span&gt;\n            &lt;/a&gt;\n                        &lt;span class=\"inline-flex items-center gap-1 rounded-full bg-stone-800 px-2.5 py-0.5 text-xs text-stone-400\"&gt;\n                1 Antwort            &lt;/span&gt;\n        &lt;/div&gt;\n                            &lt;/div&gt;\n                    &lt;a href=\"/quotes/9\"\n                       class=\"inline-flex mt-4 items-center gap-1 text-sm font-medium text-amber-500 hover:text-amber-400 transition-colors\"&gt;\n                        Thread öffnen →\n                    &lt;/a&gt;\n                &lt;/div&gt;\n            &lt;/div&gt;\n        &lt;/article&gt;\n                                    &lt;article class=\"group rounded-2xl border border-stone-800 bg-stone-900/40 hover:bg-stone-900/70 hover:border-stone-700 transition-all duration-200 overflow-hidden shadow-lg shadow-black/20\"&gt;\n            &lt;div class=\"flex flex-col sm:flex-row\"&gt;\n                                &lt;div class=\"flex-1 p-5 sm:p-6\"&gt;\n                    &lt;blockquote class=\"quote-serif text-lg sm:text-xl text-stone-200 leading-relaxed italic\"&gt;\n                        „I drink and I know things.\"\n                    &lt;/blockquote&gt;\n                    &lt;div class=\"mt-4 flex flex-wrap items-center gap-x-3 gap-y-2 text-sm text-stone-500\"&gt;\n                        &lt;span class=\"text-amber-500/90 font-medium\"&gt;- Tyrion Lannister&lt;/span&gt;\n                                                    &lt;span&gt;S06E02&lt;/span&gt;\n                                                        &lt;div class=\"flex flex-wrap items-center gap-2\"&gt;\n                        &lt;a href=\"/login\"\n               class=\"inline-flex items-center px-2 py-1 text-xs gap-1 rounded-lg border border-stone-700 text-stone-400 hover:border-amber-700 hover:text-amber-400 transition-colors\"\n               title=\"Einloggen zum Liken\"&gt;\n                &lt;span aria-hidden=\"true\"&gt;♡&lt;/span&gt;\n                &lt;span&gt;2&lt;/span&gt;\n            &lt;/a&gt;\n                        &lt;span class=\"inline-flex items-center gap-1 rounded-full bg-stone-800 px-2.5 py-0.5 text-xs text-stone-400\"&gt;\n                2 Antworten            &lt;/span&gt;\n        &lt;/div&gt;\n                            &lt;/div&gt;\n                    &lt;a href=\"/quotes/10\"\n                       class=\"inline-flex mt-4 items-center gap-1 text-sm font-medium text-amber-500 hover:text-amber-400 transition-colors\"&gt;\n                        Thread öffnen →\n                    &lt;/a&gt;\n                &lt;/div&gt;\n            &lt;/div&gt;\n        &lt;/article&gt;\n                                    &lt;article class=\"group rounded-2xl border border-stone-800 bg-stone-900/40 hover:bg-stone-900/70 hover:border-stone-700 transition-all duration-200 overflow-hidden shadow-lg shadow-black/20\"&gt;\n            &lt;div class=\"flex flex-col sm:flex-row\"&gt;\n                                &lt;div class=\"flex-1 p-5 sm:p-6\"&gt;\n                    &lt;blockquote class=\"quote-serif text-lg sm:text-xl text-stone-200 leading-relaxed italic\"&gt;\n                        „Never forget what you are. The rest of the world will not. Wear it like armor, and it can never be used to hurt you.\"\n                    &lt;/blockquote&gt;\n                    &lt;div class=\"mt-4 flex flex-wrap items-center gap-x-3 gap-y-2 text-sm text-stone-500\"&gt;\n                        &lt;span class=\"text-amber-500/90 font-medium\"&gt;- Tyrion Lannister&lt;/span&gt;\n                                                    &lt;span&gt;S01E01&lt;/span&gt;\n                                                        &lt;div class=\"flex flex-wrap items-center gap-2\"&gt;\n                        &lt;a href=\"/login\"\n               class=\"inline-flex items-center px-2 py-1 text-xs gap-1 rounded-lg border border-stone-700 text-stone-400 hover:border-amber-700 hover:text-amber-400 transition-colors\"\n               title=\"Einloggen zum Liken\"&gt;\n                &lt;span aria-hidden=\"true\"&gt;♡&lt;/span&gt;\n                &lt;span&gt;0&lt;/span&gt;\n            &lt;/a&gt;\n                        &lt;span class=\"inline-flex items-center gap-1 rounded-full bg-stone-800 px-2.5 py-0.5 text-xs text-stone-400\"&gt;\n                1 Antwort            &lt;/span&gt;\n        &lt;/div&gt;\n                            &lt;/div&gt;\n                    &lt;a href=\"/quotes/11\"\n                       class=\"inline-flex mt-4 items-center gap-1 text-sm font-medium text-amber-500 hover:text-amber-400 transition-colors\"&gt;\n                        Thread öffnen →\n                    &lt;/a&gt;\n                &lt;/div&gt;\n            &lt;/div&gt;\n        &lt;/article&gt;\n                                    &lt;article class=\"group rounded-2xl border border-stone-800 bg-stone-900/40 hover:bg-stone-900/70 hover:border-stone-700 transition-all duration-200 overflow-hidden shadow-lg shadow-black/20\"&gt;\n            &lt;div class=\"flex flex-col sm:flex-row\"&gt;\n                                &lt;div class=\"flex-1 p-5 sm:p-6\"&gt;\n                    &lt;blockquote class=\"quote-serif text-lg sm:text-xl text-stone-200 leading-relaxed italic\"&gt;\n                        „Power is power.\"\n                    &lt;/blockquote&gt;\n                    &lt;div class=\"mt-4 flex flex-wrap items-center gap-x-3 gap-y-2 text-sm text-stone-500\"&gt;\n                        &lt;span class=\"text-amber-500/90 font-medium\"&gt;- Cersei Lannister&lt;/span&gt;\n                                                    &lt;span&gt;S02E03&lt;/span&gt;\n                                                        &lt;div class=\"flex flex-wrap items-center gap-2\"&gt;\n                        &lt;a href=\"/login\"\n               class=\"inline-flex items-center px-2 py-1 text-xs gap-1 rounded-lg border border-stone-700 text-stone-400 hover:border-amber-700 hover:text-amber-400 transition-colors\"\n               title=\"Einloggen zum Liken\"&gt;\n                &lt;span aria-hidden=\"true\"&gt;♡&lt;/span&gt;\n                &lt;span&gt;1&lt;/span&gt;\n            &lt;/a&gt;\n                        &lt;span class=\"inline-flex items-center gap-1 rounded-full bg-stone-800 px-2.5 py-0.5 text-xs text-stone-400\"&gt;\n                1 Antwort            &lt;/span&gt;\n        &lt;/div&gt;\n                            &lt;/div&gt;\n                    &lt;a href=\"/quotes/12\"\n                       class=\"inline-flex mt-4 items-center gap-1 text-sm font-medium text-amber-500 hover:text-amber-400 transition-colors\"&gt;\n                        Thread öffnen →\n                    &lt;/a&gt;\n                &lt;/div&gt;\n            &lt;/div&gt;\n        &lt;/article&gt;\n                    &lt;/div&gt;\r\n\r\n        &lt;/main&gt;\r\n\r\n    &lt;footer class=\"border-t border-stone-800 py-6 mt-auto\"&gt;\r\n        &lt;div class=\"max-w-5xl mx-auto px-4 sm:px-6 text-center text-sm text-stone-500\"&gt;\r\n            WEB4 PHP · Game of Thrones Quotes Forum · &lt;em class=\"text-stone-600\"&gt;Words are wind - but some linger forever.&lt;/em&gt;\r\n        &lt;/div&gt;\r\n    &lt;/footer&gt;\r\n    &lt;script src=\"/assets/js/app.js\" defer&gt;&lt;/script&gt;\r\n&lt;/body&gt;\r\n&lt;/html&gt;\r\n) contains tyrion_fan\n    at /home/timerertim/.local/share/mise/installs/npm-httpyac/6.16.7/lib/node_modules/httpyac/dist/index.js:2:48611\n    at process.processTicksAndRejections (node:internal/process/task_queues:104:5)\n    at async /home/timerertim/.local/share/mise/installs/npm-httpyac/6.16.7/lib/node_modules/httpyac/dist/index.js:2:21289\n    at async Object.action (/home/timerertim/.local/share/mise/installs/npm-httpyac/6.16.7/lib/node_modules/httpyac/dist/index.js:2:48351)\n    at async o.trigger (/home/timerertim/.local/share/mise/installs/npm-httpyac/6.16.7/lib/node_modules/httpyac/node_modules/hookpoint/dist/index.js:1:2872)\n    at async Sp (/home/timerertim/.local/share/mise/installs/npm-httpyac/6.16.7/lib/node_modules/httpyac/dist/index.js:2:24982)\n    at async Object.action (/home/timerertim/.local/share/mise/installs/npm-httpyac/6.16.7/lib/node_modules/httpyac/dist/index.js:2:23126)\n    at async o.trigger (/home/timerertim/.local/share/mise/installs/npm-httpyac/6.16.7/lib/node_modules/httpyac/node_modules/hookpoint/dist/index.js:1:2872)\n    at async t.execute (/home/timerertim/.local/share/mise/installs/npm-httpyac/6.16.7/lib/node_modules/httpyac/dist/index.js:2:54964)\n    at async Hu (/home/timerertim/.local/share/mise/installs/npm-httpyac/6.16.7/lib/node_modules/httpyac/dist/index.js:119:32372)"}</failure>
    </testcase>
  </testsuite>
  <testsuite name="authLogout" tests="2" errors="2" failures="0" skipped="0" package="tests/rest/02-auth.rest" time="0.016">
    <properties>
      <property name="line" value="33"/>
      <property name="timestamp" value="2026-06-17T13:17:05.209Z"/>
      <property name="file" value="tests/rest/02-auth.rest"/>
    </properties>
    <testcase name="Cannot read properties of undefined (reading 'match')" classname="authLogout" time="0.008" assertions="1">
      <properties>
        <property name="displayMessage" value="TypeError: Cannot read properties of undefined (reading 'match') - Object.userJS (/mnt/c/Users/Timer/Documents/areas/studies/bioinf/courses/web/repo/tests/rest/02-auth.rest:35:42"/>
        <property name="file" value="Object.userJS (/mnt/c/Users/Timer/Documents/areas/studies/bioinf/courses/web/repo/tests/rest/02-auth.rest"/>
        <property name="line" value="35"/>
        <property name="offset" value="42"/>
        <property name="errorType" value="TypeError"/>
        <property name="message" value="Cannot read properties of undefined (reading 'match')"/>
      </properties>
      <failure message="Cannot read properties of undefined (reading 'match')" type="TypeError">{"message":"Cannot read properties of undefined (reading 'match')","name":"TypeError","stack":"TypeError: Cannot read properties of undefined (reading 'match')\n    at Object.userJS (/mnt/c/Users/Timer/Documents/areas/studies/bioinf/courses/web/repo/tests/rest/02-auth.rest:35:42)\n    at cr (/home/timerertim/.local/share/mise/installs/npm-httpyac/6.16.7/lib/node_modules/httpyac/dist/index.js:119:2730)\n    at Fo (/home/timerertim/.local/share/mise/installs/npm-httpyac/6.16.7/lib/node_modules/httpyac/dist/index.js:119:3324)\n    at /home/timerertim/.local/share/mise/installs/npm-httpyac/6.16.7/lib/node_modules/httpyac/dist/index.js:119:6598\n    at K (/home/timerertim/.local/share/mise/installs/npm-httpyac/6.16.7/lib/node_modules/httpyac/dist/index.js:2:37424)\n    at Object.Xd [as action] (/home/timerertim/.local/share/mise/installs/npm-httpyac/6.16.7/lib/node_modules/httpyac/dist/index.js:119:6564)\n    at Nt.trigger (/home/timerertim/.local/share/mise/installs/npm-httpyac/6.16.7/lib/node_modules/httpyac/node_modules/hookpoint/dist/index.js:1:2889)\n    at process.processTicksAndRejections (node:internal/process/task_queues:104:5)\n    at async M (/home/timerertim/.local/share/mise/installs/npm-httpyac/6.16.7/lib/node_modules/httpyac/dist/index.js:2:19943)\n    at async em (/home/timerertim/.local/share/mise/installs/npm-httpyac/6.16.7/lib/node_modules/httpyac/dist/index.js:2:80370)"}</failure>
    </testcase>
    <testcase name="Cannot read properties of undefined (reading 'match')" classname="authLogout" time="0.008" assertions="1">
      <properties>
        <property name="displayMessage" value="TypeError: Cannot read properties of undefined (reading 'match') - Object.userJS (/mnt/c/Users/Timer/Documents/areas/studies/bioinf/courses/web/repo/tests/rest/02-auth.rest:35:42"/>
        <property name="file" value="Object.userJS (/mnt/c/Users/Timer/Documents/areas/studies/bioinf/courses/web/repo/tests/rest/02-auth.rest"/>
        <property name="line" value="35"/>
        <property name="offset" value="42"/>
        <property name="errorType" value="TypeError"/>
        <property name="message" value="Cannot read properties of undefined (reading 'match')"/>
      </properties>
      <failure message="Cannot read properties of undefined (reading 'match')" type="TypeError">{"message":"Cannot read properties of undefined (reading 'match')","name":"TypeError","stack":"TypeError: Cannot read properties of undefined (reading 'match')\n    at Object.userJS (/mnt/c/Users/Timer/Documents/areas/studies/bioinf/courses/web/repo/tests/rest/02-auth.rest:35:42)\n    at cr (/home/timerertim/.local/share/mise/installs/npm-httpyac/6.16.7/lib/node_modules/httpyac/dist/index.js:119:2730)\n    at Fo (/home/timerertim/.local/share/mise/installs/npm-httpyac/6.16.7/lib/node_modules/httpyac/dist/index.js:119:3324)\n    at /home/timerertim/.local/share/mise/installs/npm-httpyac/6.16.7/lib/node_modules/httpyac/dist/index.js:119:6598\n    at K (/home/timerertim/.local/share/mise/installs/npm-httpyac/6.16.7/lib/node_modules/httpyac/dist/index.js:2:37424)\n    at Object.Xd [as action] (/home/timerertim/.local/share/mise/installs/npm-httpyac/6.16.7/lib/node_modules/httpyac/dist/index.js:119:6564)\n    at Nt.trigger (/home/timerertim/.local/share/mise/installs/npm-httpyac/6.16.7/lib/node_modules/httpyac/node_modules/hookpoint/dist/index.js:1:2889)\n    at process.processTicksAndRejections (node:internal/process/task_queues:104:5)\n    at async M (/home/timerertim/.local/share/mise/installs/npm-httpyac/6.16.7/lib/node_modules/httpyac/dist/index.js:2:19943)\n    at async em (/home/timerertim/.local/share/mise/installs/npm-httpyac/6.16.7/lib/node_modules/httpyac/dist/index.js:2:80370)"}</failure>
    </testcase>
  </testsuite>
  <testsuite name="authProfileRedirect" tests="2" errors="0" failures="2" skipped="0" package="tests/rest/02-auth.rest" time="0.054">
    <properties>
      <property name="line" value="41"/>
      <property name="timestamp" value="2026-06-17T13:17:05.226Z"/>
      <property name="file" value="tests/rest/02-auth.rest"/>
    </properties>
    <testcase name="status == 302" classname="authProfileRedirect" time="0.027" assertions="1">
      <properties>
        <property name="displayMessage" value="AssertionError [ERR_ASSERTION]: status (200) == 302"/>
        <property name="file" value="/home/timerertim/.local/share/mise/installs/npm-httpyac/6.16.7/lib/node_modules/httpyac/dist/index.js"/>
        <property name="line" value="2"/>
        <property name="offset" value="48611"/>
        <property name="errorType" value="AssertionError [ERR_ASSERTION]"/>
        <property name="message" value="status (200) == 302"/>
      </properties>
[...]
      <properties>
        <property name="displayMessage" value="TypeError: Cannot read properties of undefined (reading 'match') - Object.userJS (/mnt/c/Users/Timer/Documents/areas/studies/bioinf/courses/web/repo/tests/rest/05-forum.rest:45:40"/>
        <property name="file" value="Object.userJS (/mnt/c/Users/Timer/Documents/areas/studies/bioinf/courses/web/repo/tests/rest/05-forum.rest"/>
        <property name="line" value="45"/>
        <property name="offset" value="40"/>
        <property name="errorType" value="TypeError"/>
        <property name="message" value="Cannot read properties of undefined (reading 'match')"/>
      </properties>
      <failure message="Cannot read properties of undefined (reading 'match')" type="TypeError">{"message":"Cannot read properties of undefined (reading 'match')","name":"TypeError","stack":"TypeError: Cannot read properties of undefined (reading 'match')\n    at Object.userJS (/mnt/c/Users/Timer/Documents/areas/studies/bioinf/courses/web/repo/tests/rest/05-forum.rest:45:40)\n    at cr (/home/timerertim/.local/share/mise/installs/npm-httpyac/6.16.7/lib/node_modules/httpyac/dist/index.js:119:2730)\n    at Fo (/home/timerertim/.local/share/mise/installs/npm-httpyac/6.16.7/lib/node_modules/httpyac/dist/index.js:119:3324)\n    at /home/timerertim/.local/share/mise/installs/npm-httpyac/6.16.7/lib/node_modules/httpyac/dist/index.js:119:6598\n    at K (/home/timerertim/.local/share/mise/installs/npm-httpyac/6.16.7/lib/node_modules/httpyac/dist/index.js:2:37424)\n    at Object.Xd [as action] (/home/timerertim/.local/share/mise/installs/npm-httpyac/6.16.7/lib/node_modules/httpyac/dist/index.js:119:6564)\n    at Nt.trigger (/home/timerertim/.local/share/mise/installs/npm-httpyac/6.16.7/lib/node_modules/httpyac/node_modules/hookpoint/dist/index.js:1:2889)\n    at process.processTicksAndRejections (node:internal/process/task_queues:104:5)\n    at async M (/home/timerertim/.local/share/mise/installs/npm-httpyac/6.16.7/lib/node_modules/httpyac/dist/index.js:2:19943)\n    at async em (/home/timerertim/.local/share/mise/installs/npm-httpyac/6.16.7/lib/node_modules/httpyac/dist/index.js:2:80370)"}</failure>
    </testcase>
    <testcase name="Cannot read properties of undefined (reading 'match')" classname="forumUpvote" time="0.005" assertions="1">
      <properties>
        <property name="displayMessage" value="TypeError: Cannot read properties of undefined (reading 'match') - Object.userJS (/mnt/c/Users/Timer/Documents/areas/studies/bioinf/courses/web/repo/tests/rest/05-forum.rest:45:40"/>
        <property name="file" value="Object.userJS (/mnt/c/Users/Timer/Documents/areas/studies/bioinf/courses/web/repo/tests/rest/05-forum.rest"/>
        <property name="line" value="45"/>
        <property name="offset" value="40"/>
        <property name="errorType" value="TypeError"/>
        <property name="message" value="Cannot read properties of undefined (reading 'match')"/>
      </properties>
      <failure message="Cannot read properties of undefined (reading 'match')" type="TypeError">{"message":"Cannot read properties of undefined (reading 'match')","name":"TypeError","stack":"TypeError: Cannot read properties of undefined (reading 'match')\n    at Object.userJS (/mnt/c/Users/Timer/Documents/areas/studies/bioinf/courses/web/repo/tests/rest/05-forum.rest:45:40)\n    at cr (/home/timerertim/.local/share/mise/installs/npm-httpyac/6.16.7/lib/node_modules/httpyac/dist/index.js:119:2730)\n    at Fo (/home/timerertim/.local/share/mise/installs/npm-httpyac/6.16.7/lib/node_modules/httpyac/dist/index.js:119:3324)\n    at /home/timerertim/.local/share/mise/installs/npm-httpyac/6.16.7/lib/node_modules/httpyac/dist/index.js:119:6598\n    at K (/home/timerertim/.local/share/mise/installs/npm-httpyac/6.16.7/lib/node_modules/httpyac/dist/index.js:2:37424)\n    at Object.Xd [as action] (/home/timerertim/.local/share/mise/installs/npm-httpyac/6.16.7/lib/node_modules/httpyac/dist/index.js:119:6564)\n    at Nt.trigger (/home/timerertim/.local/share/mise/installs/npm-httpyac/6.16.7/lib/node_modules/httpyac/node_modules/hookpoint/dist/index.js:1:2889)\n    at process.processTicksAndRejections (node:internal/process/task_queues:104:5)\n    at async M (/home/timerertim/.local/share/mise/installs/npm-httpyac/6.16.7/lib/node_modules/httpyac/dist/index.js:2:19943)\n    at async em (/home/timerertim/.local/share/mise/installs/npm-httpyac/6.16.7/lib/node_modules/httpyac/dist/index.js:2:80370)"}</failure>
    </testcase>
  </testsuite>
  <testsuite name="forumQuoteRemoveVote" tests="0" errors="0" failures="0" skipped="0" package="tests/rest/05-forum.rest" time="0.048">
    <properties>
      <property name="line" value="54"/>
      <property name="timestamp" value="2026-06-17T13:17:06.528Z"/>
      <property name="file" value="tests/rest/05-forum.rest"/>
    </properties>
  </testsuite>
  <testsuite name="forumRemoveVote" tests="2" errors="2" failures="0" skipped="0" package="tests/rest/05-forum.rest" time="0.008">
    <properties>
      <property name="line" value="58"/>
      <property name="timestamp" value="2026-06-17T13:17:06.576Z"/>
      <property name="file" value="tests/rest/05-forum.rest"/>
    </properties>
    <testcase name="Cannot read properties of undefined (reading 'match')" classname="forumRemoveVote" time="0.004" assertions="1">
      <properties>
        <property name="displayMessage" value="TypeError: Cannot read properties of undefined (reading 'match') - Object.userJS (/mnt/c/Users/Timer/Documents/areas/studies/bioinf/courses/web/repo/tests/rest/05-forum.rest:60:46"/>
        <property name="file" value="Object.userJS (/mnt/c/Users/Timer/Documents/areas/studies/bioinf/courses/web/repo/tests/rest/05-forum.rest"/>
        <property name="line" value="60"/>
        <property name="offset" value="46"/>
        <property name="errorType" value="TypeError"/>
        <property name="message" value="Cannot read properties of undefined (reading 'match')"/>
      </properties>
      <failure message="Cannot read properties of undefined (reading 'match')" type="TypeError">{"message":"Cannot read properties of undefined (reading 'match')","name":"TypeError","stack":"TypeError: Cannot read properties of undefined (reading 'match')\n    at Object.userJS (/mnt/c/Users/Timer/Documents/areas/studies/bioinf/courses/web/repo/tests/rest/05-forum.rest:60:46)\n    at cr (/home/timerertim/.local/share/mise/installs/npm-httpyac/6.16.7/lib/node_modules/httpyac/dist/index.js:119:2730)\n    at Fo (/home/timerertim/.local/share/mise/installs/npm-httpyac/6.16.7/lib/node_modules/httpyac/dist/index.js:119:3324)\n    at /home/timerertim/.local/share/mise/installs/npm-httpyac/6.16.7/lib/node_modules/httpyac/dist/index.js:119:6598\n    at K (/home/timerertim/.local/share/mise/installs/npm-httpyac/6.16.7/lib/node_modules/httpyac/dist/index.js:2:37424)\n    at Object.Xd [as action] (/home/timerertim/.local/share/mise/installs/npm-httpyac/6.16.7/lib/node_modules/httpyac/dist/index.js:119:6564)\n    at Nt.trigger (/home/timerertim/.local/share/mise/installs/npm-httpyac/6.16.7/lib/node_modules/httpyac/node_modules/hookpoint/dist/index.js:1:2889)\n    at process.processTicksAndRejections (node:internal/process/task_queues:104:5)\n    at async M (/home/timerertim/.local/share/mise/installs/npm-httpyac/6.16.7/lib/node_modules/httpyac/dist/index.js:2:19943)\n    at async em (/home/timerertim/.local/share/mise/installs/npm-httpyac/6.16.7/lib/node_modules/httpyac/dist/index.js:2:80370)"}</failure>
    </testcase>
    <testcase name="Cannot read properties of undefined (reading 'match')" classname="forumRemoveVote" time="0.004" assertions="1">
      <properties>
        <property name="displayMessage" value="TypeError: Cannot read properties of undefined (reading 'match') - Object.userJS (/mnt/c/Users/Timer/Documents/areas/studies/bioinf/courses/web/repo/tests/rest/05-forum.rest:60:46"/>
        <property name="file" value="Object.userJS (/mnt/c/Users/Timer/Documents/areas/studies/bioinf/courses/web/repo/tests/rest/05-forum.rest"/>
        <property name="line" value="60"/>
        <property name="offset" value="46"/>
        <property name="errorType" value="TypeError"/>
        <property name="message" value="Cannot read properties of undefined (reading 'match')"/>
      </properties>
      <failure message="Cannot read properties of undefined (reading 'match')" type="TypeError">{"message":"Cannot read properties of undefined (reading 'match')","name":"TypeError","stack":"TypeError: Cannot read properties of undefined (reading 'match')\n    at Object.userJS (/mnt/c/Users/Timer/Documents/areas/studies/bioinf/courses/web/repo/tests/rest/05-forum.rest:60:46)\n    at cr (/home/timerertim/.local/share/mise/installs/npm-httpyac/6.16.7/lib/node_modules/httpyac/dist/index.js:119:2730)\n    at Fo (/home/timerertim/.local/share/mise/installs/npm-httpyac/6.16.7/lib/node_modules/httpyac/dist/index.js:119:3324)\n    at /home/timerertim/.local/share/mise/installs/npm-httpyac/6.16.7/lib/node_modules/httpyac/dist/index.js:119:6598\n    at K (/home/timerertim/.local/share/mise/installs/npm-httpyac/6.16.7/lib/node_modules/httpyac/dist/index.js:2:37424)\n    at Object.Xd [as action] (/home/timerertim/.local/share/mise/installs/npm-httpyac/6.16.7/lib/node_modules/httpyac/dist/index.js:119:6564)\n    at Nt.trigger (/home/timerertim/.local/share/mise/installs/npm-httpyac/6.16.7/lib/node_modules/httpyac/node_modules/hookpoint/dist/index.js:1:2889)\n    at process.processTicksAndRejections (node:internal/process/task_queues:104:5)\n    at async M (/home/timerertim/.local/share/mise/installs/npm-httpyac/6.16.7/lib/node_modules/httpyac/dist/index.js:2:19943)\n    at async em (/home/timerertim/.local/share/mise/installs/npm-httpyac/6.16.7/lib/node_modules/httpyac/dist/index.js:2:80370)"}</failure>
    </testcase>
  </testsuite>
  <testsuite name="forumDeleteNoCsrf" tests="2" errors="0" failures="2" skipped="0" package="tests/rest/05-forum.rest" time="0.113">
    <properties>
      <property name="line" value="66"/>
      <property name="timestamp" value="2026-06-17T13:17:06.584Z"/>
      <property name="file" value="tests/rest/05-forum.rest"/>
    </properties>
    <testcase name="status == 302" classname="forumDeleteNoCsrf" time="0.057" assertions="1">
      <properties>
        <property name="displayMessage" value="AssertionError [ERR_ASSERTION]: status (404) == 302"/>
        <property name="file" value="/home/timerertim/.local/share/mise/installs/npm-httpyac/6.16.7/lib/node_modules/httpyac/dist/index.js"/>
        <property name="line" value="2"/>
        <property name="offset" value="48611"/>
        <property name="errorType" value="AssertionError [ERR_ASSERTION]"/>
        <property name="message" value="status (404) == 302"/>
      </properties>
      <failure message="status == 302" type="AssertionError [ERR_ASSERTION]">{"message":"status (404) == 302","name":"AssertionError","stack":"AssertionError [ERR_ASSERTION]: status (404) == 302\n    at /home/timerertim/.local/share/mise/installs/npm-httpyac/6.16.7/lib/node_modules/httpyac/dist/index.js:2:48611\n    at process.processTicksAndRejections (node:internal/process/task_queues:104:5)\n    at async /home/timerertim/.local/share/mise/installs/npm-httpyac/6.16.7/lib/node_modules/httpyac/dist/index.js:2:21289\n    at async Object.action (/home/timerertim/.local/share/mise/installs/npm-httpyac/6.16.7/lib/node_modules/httpyac/dist/index.js:2:48351)\n    at async o.trigger (/home/timerertim/.local/share/mise/installs/npm-httpyac/6.16.7/lib/node_modules/httpyac/node_modules/hookpoint/dist/index.js:1:2872)\n    at async Sp (/home/timerertim/.local/share/mise/installs/npm-httpyac/6.16.7/lib/node_modules/httpyac/dist/index.js:2:24982)\n    at async Object.action (/home/timerertim/.local/share/mise/installs/npm-httpyac/6.16.7/lib/node_modules/httpyac/dist/index.js:2:23126)\n    at async o.trigger (/home/timerertim/.local/share/mise/installs/npm-httpyac/6.16.7/lib/node_modules/httpyac/node_modules/hookpoint/dist/index.js:1:2872)\n    at async t.execute (/home/timerertim/.local/share/mise/installs/npm-httpyac/6.16.7/lib/node_modules/httpyac/dist/index.js:2:54964)\n    at async Hu (/home/timerertim/.local/share/mise/installs/npm-httpyac/6.16.7/lib/node_modules/httpyac/dist/index.js:119:32372)"}</failure>
    </testcase>
    <testcase name="location == /" classname="forumDeleteNoCsrf" time="0.057" assertions="1">
      <properties>
        <property name="displayMessage" value="AssertionError [ERR_ASSERTION]: location (undefined) == /"/>
        <property name="file" value="/home/timerertim/.local/share/mise/installs/npm-httpyac/6.16.7/lib/node_modules/httpyac/dist/index.js"/>
        <property name="line" value="2"/>
        <property name="offset" value="48611"/>
        <property name="errorType" value="AssertionError [ERR_ASSERTION]"/>
        <property name="message" value="location (undefined) == /"/>
      </properties>
      <failure message="location == /" type="AssertionError [ERR_ASSERTION]">{"message":"location (undefined) == /","name":"AssertionError","stack":"AssertionError [ERR_ASSERTION]: location (undefined) == /\n    at /home/timerertim/.local/share/mise/installs/npm-httpyac/6.16.7/lib/node_modules/httpyac/dist/index.js:2:48611\n    at process.processTicksAndRejections (node:internal/process/task_queues:104:5)\n    at async /home/timerertim/.local/share/mise/installs/npm-httpyac/6.16.7/lib/node_modules/httpyac/dist/index.js:2:21289\n    at async Object.action (/home/timerertim/.local/share/mise/installs/npm-httpyac/6.16.7/lib/node_modules/httpyac/dist/index.js:2:48351)\n    at async o.trigger (/home/timerertim/.local/share/mise/installs/npm-httpyac/6.16.7/lib/node_modules/httpyac/node_modules/hookpoint/dist/index.js:1:2872)\n    at async Sp (/home/timerertim/.local/share/mise/installs/npm-httpyac/6.16.7/lib/node_modules/httpyac/dist/index.js:2:24982)\n    at async Object.action (/home/timerertim/.local/share/mise/installs/npm-httpyac/6.16.7/lib/node_modules/httpyac/dist/index.js:2:23126)\n    at async o.trigger (/home/timerertim/.local/share/mise/installs/npm-httpyac/6.16.7/lib/node_modules/httpyac/node_modules/hookpoint/dist/index.js:1:2872)\n    at async t.execute (/home/timerertim/.local/share/mise/installs/npm-httpyac/6.16.7/lib/node_modules/httpyac/dist/index.js:2:54964)\n    at async Hu (/home/timerertim/.local/share/mise/installs/npm-httpyac/6.16.7/lib/node_modules/httpyac/dist/index.js:119:32372)"}</failure>
    </testcase>
  </testsuite>
  <testsuite name="forumHomeBadLike" tests="0" errors="0" failures="0" skipped="0" package="tests/rest/05-forum.rest" time="0.057">
    <properties>
      <property name="line" value="73"/>
      <property name="timestamp" value="2026-06-17T13:17:06.697Z"/>
      <property name="file" value="tests/rest/05-forum.rest"/>
    </properties>
  </testsuite>
  <testsuite name="forumBadLike" tests="2" errors="2" failures="0" skipped="0" package="tests/rest/05-forum.rest" time="0.011">
    <properties>
      <property name="line" value="77"/>
      <property name="timestamp" value="2026-06-17T13:17:06.754Z"/>
      <property name="file" value="tests/rest/05-forum.rest"/>
    </properties>
    <testcase name="Cannot read properties of undefined (reading 'match')" classname="forumBadLike" time="0.006" assertions="1">
      <properties>
        <property name="displayMessage" value="TypeError: Cannot read properties of undefined (reading 'match') - Object.userJS (/mnt/c/Users/Timer/Documents/areas/studies/bioinf/courses/web/repo/tests/rest/05-forum.rest:79:42"/>
        <property name="file" value="Object.userJS (/mnt/c/Users/Timer/Documents/areas/studies/bioinf/courses/web/repo/tests/rest/05-forum.rest"/>
        <property name="line" value="79"/>
        <property name="offset" value="42"/>
        <property name="errorType" value="TypeError"/>
        <property name="message" value="Cannot read properties of undefined (reading 'match')"/>
      </properties>
      <failure message="Cannot read properties of undefined (reading 'match')" type="TypeError">{"message":"Cannot read properties of undefined (reading 'match')","name":"TypeError","stack":"TypeError: Cannot read properties of undefined (reading 'match')\n    at Object.userJS (/mnt/c/Users/Timer/Documents/areas/studies/bioinf/courses/web/repo/tests/rest/05-forum.rest:79:42)\n    at cr (/home/timerertim/.local/share/mise/installs/npm-httpyac/6.16.7/lib/node_modules/httpyac/dist/index.js:119:2730)\n    at Fo (/home/timerertim/.local/share/mise/installs/npm-httpyac/6.16.7/lib/node_modules/httpyac/dist/index.js:119:3324)\n    at /home/timerertim/.local/share/mise/installs/npm-httpyac/6.16.7/lib/node_modules/httpyac/dist/index.js:119:6598\n    at K (/home/timerertim/.local/share/mise/installs/npm-httpyac/6.16.7/lib/node_modules/httpyac/dist/index.js:2:37424)\n    at Object.Xd [as action] (/home/timerertim/.local/share/mise/installs/npm-httpyac/6.16.7/lib/node_modules/httpyac/dist/index.js:119:6564)\n    at Nt.trigger (/home/timerertim/.local/share/mise/installs/npm-httpyac/6.16.7/lib/node_modules/httpyac/node_modules/hookpoint/dist/index.js:1:2889)\n    at process.processTicksAndRejections (node:internal/process/task_queues:104:5)\n    at async M (/home/timerertim/.local/share/mise/installs/npm-httpyac/6.16.7/lib/node_modules/httpyac/dist/index.js:2:19943)\n    at async em (/home/timerertim/.local/share/mise/installs/npm-httpyac/6.16.7/lib/node_modules/httpyac/dist/index.js:2:80370)"}</failure>
    </testcase>
    <testcase name="Cannot read properties of undefined (reading 'match')" classname="forumBadLike" time="0.006" assertions="1">
      <properties>
        <property name="displayMessage" value="TypeError: Cannot read properties of undefined (reading 'match') - Object.userJS (/mnt/c/Users/Timer/Documents/areas/studies/bioinf/courses/web/repo/tests/rest/05-forum.rest:79:42"/>
        <property name="file" value="Object.userJS (/mnt/c/Users/Timer/Documents/areas/studies/bioinf/courses/web/repo/tests/rest/05-forum.rest"/>
        <property name="line" value="79"/>
        <property name="offset" value="42"/>
        <property name="errorType" value="TypeError"/>
        <property name="message" value="Cannot read properties of undefined (reading 'match')"/>
      </properties>
      <failure message="Cannot read properties of undefined (reading 'match')" type="TypeError">{"message":"Cannot read properties of undefined (reading 'match')","name":"TypeError","stack":"TypeError: Cannot read properties of undefined (reading 'match')\n    at Object.userJS (/mnt/c/Users/Timer/Documents/areas/studies/bioinf/courses/web/repo/tests/rest/05-forum.rest:79:42)\n    at cr (/home/timerertim/.local/share/mise/installs/npm-httpyac/6.16.7/lib/node_modules/httpyac/dist/index.js:119:2730)\n    at Fo (/home/timerertim/.local/share/mise/installs/npm-httpyac/6.16.7/lib/node_modules/httpyac/dist/index.js:119:3324)\n    at /home/timerertim/.local/share/mise/installs/npm-httpyac/6.16.7/lib/node_modules/httpyac/dist/index.js:119:6598\n    at K (/home/timerertim/.local/share/mise/installs/npm-httpyac/6.16.7/lib/node_modules/httpyac/dist/index.js:2:37424)\n    at Object.Xd [as action] (/home/timerertim/.local/share/mise/installs/npm-httpyac/6.16.7/lib/node_modules/httpyac/dist/index.js:119:6564)\n    at Nt.trigger (/home/timerertim/.local/share/mise/installs/npm-httpyac/6.16.7/lib/node_modules/httpyac/node_modules/hookpoint/dist/index.js:1:2889)\n    at process.processTicksAndRejections (node:internal/process/task_queues:104:5)\n    at async M (/home/timerertim/.local/share/mise/installs/npm-httpyac/6.16.7/lib/node_modules/httpyac/dist/index.js:2:19943)\n    at async em (/home/timerertim/.local/share/mise/installs/npm-httpyac/6.16.7/lib/node_modules/httpyac/dist/index.js:2:80370)"}</failure>
    </testcase>
  </testsuite>
</testsuites>
